#
# There is insufficient memory for the Java Runtime Environment to continue.
# Native memory allocation (malloc) failed to allocate 1796624 bytes. Error detail: Chunk::new
# Possible reasons:
#   The system is out of physical RAM or swap space
#   This process is running with CompressedOops enabled, and the Java Heap may be blocking the growth of the native heap
# Possible solutions:
#   Reduce memory load on the system
#   Increase physical memory or swap space
#   Check if swap backing store is full
#   Decrease Java heap size (-Xmx/-Xms)
#   Decrease number of Java threads
#   Decrease Java thread stack sizes (-Xss)
#   Set larger code cache with -XX:ReservedCodeCacheSize=
#   JVM is running with Unscaled Compressed Oops mode in which the Java heap is
#     placed in the first 4GB address space. The Java Heap base address is the
#     maximum limit for the native heap growth. Please use -XX:HeapBaseMinAddress
#     to set the Java Heap base and to place the Java Heap above 4GB virtual address.
# This output file may be truncated or incomplete.
#
#  Out of Memory Error (arena.cpp:168), pid=16780, tid=21492
#
# JRE version: OpenJDK Runtime Environment Temurin-21.0.10+7 (21.0.10+7) (build 21.0.10+7-LTS)
# Java VM: OpenJDK 64-Bit Server VM Temurin-21.0.10+7 (21.0.10+7-LTS, mixed mode, sharing, tiered, compressed oops, compressed class ptrs, parallel gc, windows-amd64)
# No core dump will be written. Minidumps are not enabled by default on client versions of Windows
#

---------------  S U M M A R Y ------------

Command Line: --add-modules=ALL-SYSTEM --add-opens=java.base/java.util=ALL-UNNAMED --add-opens=java.base/java.lang=ALL-UNNAMED --add-opens=java.base/sun.nio.fs=ALL-UNNAMED -Declipse.application=org.eclipse.jdt.ls.core.id1 -Dosgi.bundles.defaultStartLevel=4 -Declipse.product=org.eclipse.jdt.ls.core.product -Djava.import.generatesMetadataFilesAtProjectRoot=false -DDetectVMInstallationsJob.disabled=true -Dfile.encoding=utf8 -XX:+UseParallelGC -XX:GCTimeRatio=4 -XX:AdaptiveSizePolicyWeight=90 -Dsun.zip.disableMemoryMapping=true -Xmx2G -Xms100m -Xlog:disable -javaagent:c:\Users\ADMIN\.antigravity\extensions\redhat.java-1.53.0-win32-x64\lombok\lombok-1.18.39-4050.jar -XX:+HeapDumpOnOutOfMemoryError -XX:HeapDumpPath=c:\Users\ADMIN\AppData\Roaming\Antigravity\User\workspaceStorage\7b5cf598d06b95d2550fd4599cb431eb\redhat.java -Daether.dependencyCollector.impl=bf c:\Users\ADMIN\.antigravity\extensions\redhat.java-1.53.0-win32-x64\server\plugins\org.eclipse.equinox.launcher_1.7.100.v20251111-0406.jar -configuration c:\Users\ADMIN\AppData\Roaming\Antigravity\User\globalStorage\redhat.java\1.53.0\config_win -data c:\Users\ADMIN\AppData\Roaming\Antigravity\User\workspaceStorage\7b5cf598d06b95d2550fd4599cb431eb\redhat.java\jdt_ws --pipe=\\.\pipe\lsp-5af8df25fba50a25a948d2c708c18d19-sock

Host: 11th Gen Intel(R) Core(TM) i5-11400H @ 2.70GHz, 12 cores, 7G,  Windows 11 , 64 bit Build 26100 (10.0.26100.7920)
Time: Mon Mar 30 08:42:08 2026 SE Asia Standard Time elapsed time: 74.514634 seconds (0d 0h 1m 14s)

---------------  T H R E A D  ---------------

Current thread (0x0000017462078ac0):  JavaThread "C2 CompilerThread1" daemon [_thread_in_native, id=21492, stack(0x0000000ea2500000,0x0000000ea2600000) (1024K)]


Current CompileTask:
C2:74514 10398   !   4       org.eclipse.osgi.internal.loader.BundleLoader::findClass0 (490 bytes)

Stack: [0x0000000ea2500000,0x0000000ea2600000]
Native frames: (J=compiled Java code, j=interpreted, Vv=VM code, C=native code)
V  [jvm.dll+0x6d7a39]
V  [jvm.dll+0x8b4b26]
V  [jvm.dll+0x8b70de]
V  [jvm.dll+0x8b77c3]
V  [jvm.dll+0x284346]
V  [jvm.dll+0xc66ed]
V  [jvm.dll+0xc6c31]
V  [jvm.dll+0x3bec3b]
V  [jvm.dll+0x38b162]
V  [jvm.dll+0x38a5aa]
V  [jvm.dll+0x24c560]
V  [jvm.dll+0x24bb40]
V  [jvm.dll+0x1cb34e]
V  [jvm.dll+0x25b85d]
V  [jvm.dll+0x259dea]
V  [jvm.dll+0x3f857e]
V  [jvm.dll+0x85f59d]
V  [jvm.dll+0x6d626d]
C  [ucrtbase.dll+0x37b0]
C  [KERNEL32.DLL+0x2e8d7]
C  [ntdll.dll+0x8c48c]


---------------  P R O C E S S  ---------------

Threads class SMR info:
_java_thread_list=0x00000174624931c0, length=52, elements={
0x000001747abbafc0, 0x000001741633e580, 0x000001747d186500, 0x000001747d18a240,
0x000001747d18d560, 0x000001747d18dfc0, 0x000001747d192760, 0x00000174588aa280,
0x000001747d19d8d0, 0x0000017458ac30c0, 0x0000017458b44de0, 0x000001745ea72ec0,
0x000001745e9ff830, 0x000001745e93c220, 0x000001745e7fd460, 0x000001745eec0b40,
0x000001745ee29990, 0x000001745ef4a270, 0x000001745f223770, 0x000001745f2251b0,
0x000001745f225ed0, 0x000001745f224b20, 0x000001745f223e00, 0x000001745f226560,
0x000001745f224490, 0x000001745f225840, 0x000001745f226bf0, 0x0000017460eebb00,
0x0000017460eea0c0, 0x0000017460eec820, 0x0000017460eea750, 0x0000017460eedbd0,
0x0000017460eec190, 0x0000017460eeceb0, 0x0000017460eed540, 0x0000017460eee260,
0x0000017460eeade0, 0x0000017460eee8f0, 0x0000017460eeb470, 0x0000017460eeef80,
0x0000017460ef09c0, 0x0000017460eef610, 0x0000017460ef1050, 0x00000174624e0e60,
0x0000017462078ac0, 0x00000174620761e0, 0x00000174624e35c0, 0x00000174624e42e0,
0x00000174624e2210, 0x00000174624e4970, 0x00000174624e28a0, 0x00000174624e5000
}

Java Threads: ( => current thread )
  0x000001747abbafc0 JavaThread "main"                              [_thread_blocked, id=8276, stack(0x0000000ea2800000,0x0000000ea2900000) (1024K)]
  0x000001741633e580 JavaThread "Reference Handler"          daemon [_thread_blocked, id=12980, stack(0x0000000ea2c00000,0x0000000ea2d00000) (1024K)]
  0x000001747d186500 JavaThread "Finalizer"                  daemon [_thread_blocked, id=24684, stack(0x0000000ea2d00000,0x0000000ea2e00000) (1024K)]
  0x000001747d18a240 JavaThread "Signal Dispatcher"          daemon [_thread_blocked, id=10540, stack(0x0000000ea2e00000,0x0000000ea2f00000) (1024K)]
  0x000001747d18d560 JavaThread "Attach Listener"            daemon [_thread_blocked, id=10124, stack(0x0000000ea2f00000,0x0000000ea3000000) (1024K)]
  0x000001747d18dfc0 JavaThread "Service Thread"             daemon [_thread_blocked, id=7228, stack(0x0000000ea3000000,0x0000000ea3100000) (1024K)]
  0x000001747d192760 JavaThread "Monitor Deflation Thread"   daemon [_thread_blocked, id=22416, stack(0x0000000ea3100000,0x0000000ea3200000) (1024K)]
  0x00000174588aa280 JavaThread "C2 CompilerThread0"         daemon [_thread_in_native, id=22640, stack(0x0000000ea3200000,0x0000000ea3300000) (1024K)]
  0x000001747d19d8d0 JavaThread "C1 CompilerThread0"         daemon [_thread_in_native, id=19664, stack(0x0000000ea3300000,0x0000000ea3400000) (1024K)]
  0x0000017458ac30c0 JavaThread "Common-Cleaner"             daemon [_thread_blocked, id=22708, stack(0x0000000ea3500000,0x0000000ea3600000) (1024K)]
  0x0000017458b44de0 JavaThread "Notification Thread"        daemon [_thread_blocked, id=2732, stack(0x0000000ea3600000,0x0000000ea3700000) (1024K)]
  0x000001745ea72ec0 JavaThread "Active Thread: Equinox Container: 9113e89a-e416-4be7-ab6d-da2682b3cb42"        [_thread_blocked, id=24984, stack(0x0000000ea3e00000,0x0000000ea3f00000) (1024K)]
  0x000001745e9ff830 JavaThread "Refresh Thread: Equinox Container: 9113e89a-e416-4be7-ab6d-da2682b3cb42" daemon [_thread_blocked, id=6816, stack(0x0000000ea4000000,0x0000000ea4100000) (1024K)]
  0x000001745e93c220 JavaThread "Framework Event Dispatcher: Equinox Container: 9113e89a-e416-4be7-ab6d-da2682b3cb42" daemon [_thread_blocked, id=15500, stack(0x0000000ea4100000,0x0000000ea4200000) (1024K)]
  0x000001745e7fd460 JavaThread "Start Level: Equinox Container: 9113e89a-e416-4be7-ab6d-da2682b3cb42" daemon [_thread_blocked, id=25104, stack(0x0000000ea4200000,0x0000000ea4300000) (1024K)]
  0x000001745eec0b40 JavaThread "Bundle File Closer"         daemon [_thread_blocked, id=21584, stack(0x0000000ea4500000,0x0000000ea4600000) (1024K)]
  0x000001745ee29990 JavaThread "SCR Component Actor"        daemon [_thread_blocked, id=7576, stack(0x0000000ea3700000,0x0000000ea3800000) (1024K)]
  0x000001745ef4a270 JavaThread "Worker-JM"                         [_thread_blocked, id=2744, stack(0x0000000ea4700000,0x0000000ea4800000) (1024K)]
  0x000001745f223770 JavaThread "JNA Cleaner"                daemon [_thread_blocked, id=7664, stack(0x0000000ea3400000,0x0000000ea3500000) (1024K)]
  0x000001745f2251b0 JavaThread "Worker-0: Initialize Workspace"        [_thread_in_native, id=24448, stack(0x0000000ea4600000,0x0000000ea4700000) (1024K)]
  0x000001745f225ed0 JavaThread "Worker-1"                          [_thread_blocked, id=21180, stack(0x0000000ea4800000,0x0000000ea4900000) (1024K)]
  0x000001745f224b20 JavaThread "Java indexing"              daemon [_thread_blocked, id=13680, stack(0x0000000ea4b00000,0x0000000ea4c00000) (1024K)]
  0x000001745f223e00 JavaThread "Worker-2"                          [_thread_blocked, id=1332, stack(0x0000000ea4c00000,0x0000000ea4d00000) (1024K)]
  0x000001745f226560 JavaThread "Worker-3"                          [_thread_blocked, id=21648, stack(0x0000000ea4d00000,0x0000000ea4e00000) (1024K)]
  0x000001745f224490 JavaThread "Worker-4"                          [_thread_blocked, id=12488, stack(0x0000000ea5000000,0x0000000ea5100000) (1024K)]
  0x000001745f225840 JavaThread "Worker-5"                          [_thread_blocked, id=14996, stack(0x0000000ea5100000,0x0000000ea5200000) (1024K)]
  0x000001745f226bf0 JavaThread "Thread-1"                   daemon [_thread_in_native, id=1828, stack(0x0000000ea5200000,0x0000000ea5300000) (1024K)]
  0x0000017460eebb00 JavaThread "Thread-2"                   daemon [_thread_in_native, id=8168, stack(0x0000000ea5300000,0x0000000ea5400000) (1024K)]
  0x0000017460eea0c0 JavaThread "Thread-3"                   daemon [_thread_in_native, id=17708, stack(0x0000000ea5400000,0x0000000ea5500000) (1024K)]
  0x0000017460eec820 JavaThread "Thread-4"                   daemon [_thread_in_native, id=7192, stack(0x0000000ea5500000,0x0000000ea5600000) (1024K)]
  0x0000017460eea750 JavaThread "Thread-5"                   daemon [_thread_in_native, id=5736, stack(0x0000000ea5600000,0x0000000ea5700000) (1024K)]
  0x0000017460eedbd0 JavaThread "Thread-6"                   daemon [_thread_in_native, id=26368, stack(0x0000000ea5700000,0x0000000ea5800000) (1024K)]
  0x0000017460eec190 JavaThread "Thread-7"                   daemon [_thread_in_native, id=23016, stack(0x0000000ea5800000,0x0000000ea5900000) (1024K)]
  0x0000017460eeceb0 JavaThread "Thread-8"                   daemon [_thread_in_native, id=7712, stack(0x0000000ea5900000,0x0000000ea5a00000) (1024K)]
  0x0000017460eed540 JavaThread "Thread-9"                   daemon [_thread_in_native, id=14584, stack(0x0000000ea5a00000,0x0000000ea5b00000) (1024K)]
  0x0000017460eee260 JavaThread "Thread-10"                  daemon [_thread_in_native, id=21048, stack(0x0000000ea5b00000,0x0000000ea5c00000) (1024K)]
  0x0000017460eeade0 JavaThread "Thread-11"                  daemon [_thread_in_native, id=13684, stack(0x0000000ea5c00000,0x0000000ea5d00000) (1024K)]
  0x0000017460eee8f0 JavaThread "Thread-12"                  daemon [_thread_in_native, id=8692, stack(0x0000000ea5d00000,0x0000000ea5e00000) (1024K)]
  0x0000017460eeb470 JavaThread "Thread-13"                  daemon [_thread_in_native, id=13068, stack(0x0000000ea5e00000,0x0000000ea5f00000) (1024K)]
  0x0000017460eeef80 JavaThread "pool-2-thread-1"                   [_thread_blocked, id=20436, stack(0x0000000ea5f00000,0x0000000ea6000000) (1024K)]
  0x0000017460ef09c0 JavaThread "WorkspaceEventsHandler"            [_thread_blocked, id=25800, stack(0x0000000ea6000000,0x0000000ea6100000) (1024K)]
  0x0000017460eef610 JavaThread "pool-1-thread-1"                   [_thread_blocked, id=24692, stack(0x0000000ea6100000,0x0000000ea6200000) (1024K)]
  0x0000017460ef1050 JavaThread "ForkJoinPool.commonPool-worker-1" daemon [_thread_blocked, id=19248, stack(0x0000000ea6200000,0x0000000ea6300000) (1024K)]
  0x00000174624e0e60 JavaThread "ForkJoinPool.commonPool-worker-2" daemon [_thread_blocked, id=25772, stack(0x0000000ea4a00000,0x0000000ea4b00000) (1024K)]
=>0x0000017462078ac0 JavaThread "C2 CompilerThread1"         daemon [_thread_in_native, id=21492, stack(0x0000000ea2500000,0x0000000ea2600000) (1024K)]
  0x00000174620761e0 JavaThread "C2 CompilerThread2"         daemon [_thread_in_native, id=1164, stack(0x0000000ea2600000,0x0000000ea2700000) (1024K)]
  0x00000174624e35c0 JavaThread "LocalFile Deleter"          daemon [_thread_blocked, id=6708, stack(0x0000000ea2700000,0x0000000ea2800000) (1024K)]
  0x00000174624e42e0 JavaThread "LocalFile Deleter"          daemon [_thread_blocked, id=6400, stack(0x0000000ea4900000,0x0000000ea4a00000) (1024K)]
  0x00000174624e2210 JavaThread "LocalFile Deleter"          daemon [_thread_blocked, id=23620, stack(0x0000000ea6300000,0x0000000ea6400000) (1024K)]
  0x00000174624e4970 JavaThread "LocalFile Deleter"          daemon [_thread_blocked, id=18344, stack(0x0000000ea6400000,0x0000000ea6500000) (1024K)]
  0x00000174624e28a0 JavaThread "LocalFile Deleter"          daemon [_thread_blocked, id=17840, stack(0x0000000ea6500000,0x0000000ea6600000) (1024K)]
  0x00000174624e5000 JavaThread "LocalFile Deleter"          daemon [_thread_blocked, id=19396, stack(0x0000000ea6600000,0x0000000ea6700000) (1024K)]
Total: 52

Other Threads:
  0x000001747d183af0 VMThread "VM Thread"                           [id=22080, stack(0x0000000ea2b00000,0x0000000ea2c00000) (1024K)]
  0x000001747d14ded0 WatcherThread "VM Periodic Task Thread"        [id=11260, stack(0x0000000ea2a00000,0x0000000ea2b00000) (1024K)]
  0x000001747d0fe370 WorkerThread "GC Thread#0"                     [id=16548, stack(0x0000000ea2900000,0x0000000ea2a00000) (1024K)]
  0x000001745e5cbb10 WorkerThread "GC Thread#1"                     [id=25316, stack(0x0000000ea3800000,0x0000000ea3900000) (1024K)]
  0x000001745e5cbec0 WorkerThread "GC Thread#2"                     [id=17460, stack(0x0000000ea3900000,0x0000000ea3a00000) (1024K)]
  0x000001745e5cc270 WorkerThread "GC Thread#3"                     [id=16560, stack(0x0000000ea3a00000,0x0000000ea3b00000) (1024K)]
  0x000001745e5ca8a0 WorkerThread "GC Thread#4"                     [id=11104, stack(0x0000000ea3b00000,0x0000000ea3c00000) (1024K)]
  0x000001745e5cb760 WorkerThread "GC Thread#5"                     [id=23124, stack(0x0000000ea3c00000,0x0000000ea3d00000) (1024K)]
  0x000001745e5cac50 WorkerThread "GC Thread#6"                     [id=13368, stack(0x0000000ea3d00000,0x0000000ea3e00000) (1024K)]
  0x000001745e8add40 WorkerThread "GC Thread#7"                     [id=22876, stack(0x0000000ea3f00000,0x0000000ea4000000) (1024K)]
  0x000001745e8aa240 WorkerThread "GC Thread#8"                     [id=13752, stack(0x0000000ea4300000,0x0000000ea4400000) (1024K)]
  0x000001745e8aa5f0 WorkerThread "GC Thread#9"                     [id=20800, stack(0x0000000ea4400000,0x0000000ea4500000) (1024K)]
Total: 12

Threads with active compile tasks:
C2 CompilerThread0  74550 10350  s!   4       org.eclipse.jdt.internal.core.index.DiskIndex::readCategoryTable (743 bytes)
C2 CompilerThread1  74550 10398   !   4       org.eclipse.osgi.internal.loader.BundleLoader::findClass0 (490 bytes)
C2 CompilerThread2  74550 10537       4       org.eclipse.jdt.internal.core.JavaModelCache::peekAtInfo (156 bytes)
Total: 3

VM state: not at safepoint (normal execution)

VM Mutex/Monitor currently owned by a thread: None

Heap address: 0x0000000080000000, size: 2048 MB, Compressed Oops mode: 32-bit

CDS archive(s) mapped at: [0x0000017417000000-0x0000017417ba0000-0x0000017417ba0000), size 12189696, SharedBaseAddress: 0x0000017417000000, ArchiveRelocationMode: 1.
Compressed class space mapped at: 0x0000017418000000-0x0000017458000000, reserved size: 1073741824
Narrow klass base: 0x0000017417000000, Narrow klass shift: 0, Narrow klass range: 0x100000000

GC Precious Log:
 CardTable entry size: 512
 CPUs: 12 total, 12 available
 Memory: 7971M
 Large Page Support: Disabled
 NUMA Support: Disabled
 Compressed Oops: Enabled (32-bit)
 Alignments: Space 512K, Generation 512K, Heap 2M
 Heap Min Capacity: 100M
 Heap Initial Capacity: 100M
 Heap Max Capacity: 2G
 Pre-touch: Disabled
 Parallel Workers: 10

Heap:
 PSYoungGen      total 8192K, used 3625K [0x00000000d5580000, 0x00000000d6300000, 0x0000000100000000)
  eden space 4608K, 1% used [0x00000000d5580000,0x00000000d5592770,0x00000000d5a00000)
  from space 3584K, 99% used [0x00000000d5f80000,0x00000000d62f8000,0x00000000d6300000)
  to   space 4608K, 0% used [0x00000000d5a00000,0x00000000d5a00000,0x00000000d5e80000)
 ParOldGen       total 1074688K, used 1074276K [0x0000000080000000, 0x00000000c1980000, 0x00000000d5580000)
  object space 1074688K, 99% used [0x0000000080000000,0x00000000c1919078,0x00000000c1980000)
 Metaspace       used 57637K, committed 58944K, reserved 1114112K
  class space    used 6093K, committed 6656K, reserved 1048576K

Card table byte_map: [0x000001747c990000,0x000001747cda0000] _byte_map_base: 0x000001747c590000

Marking Bits: (ParMarkBitMap*) 0x00007ffc90b33450
 Begin Bits: [0x0000017412140000, 0x0000017414140000)
 End Bits:   [0x0000017414140000, 0x0000017416140000)

Polling page: 0x000001747ae70000

Metaspace:

Usage:
  Non-class:     50.34 MB used.
      Class:      5.95 MB used.
       Both:     56.29 MB used.

Virtual space:
  Non-class space:       64.00 MB reserved,      51.06 MB ( 80%) committed,  1 nodes.
      Class space:        1.00 GB reserved,       6.50 MB ( <1%) committed,  1 nodes.
             Both:        1.06 GB reserved,      57.56 MB (  5%) committed. 

Chunk freelists:
   Non-Class:  12.83 MB
       Class:  9.54 MB
        Both:  22.36 MB

MaxMetaspaceSize: unlimited
CompressedClassSpaceSize: 1.00 GB
Initial GC threshold: 21.00 MB
Current GC threshold: 58.38 MB
CDS: on
 - commit_granule_bytes: 65536.
 - commit_granule_words: 8192.
 - virtual_space_node_default_size: 8388608.
 - enlarge_chunks_in_place: 1.
 - use_allocation_guard: 0.


Internal statistics:

num_allocs_failed_limit: 6.
num_arena_births: 1046.
num_arena_deaths: 14.
num_vsnodes_births: 2.
num_vsnodes_deaths: 0.
num_space_committed: 921.
num_space_uncommitted: 0.
num_chunks_returned_to_freelist: 20.
num_chunks_taken_from_freelist: 3664.
num_chunk_merges: 12.
num_chunk_splits: 2270.
num_chunks_enlarged: 1316.
num_inconsistent_stats: 0.

CodeHeap 'non-profiled nmethods': size=120000Kb used=10096Kb max_used=10096Kb free=109903Kb
 bounds [0x000001740ac10000, 0x000001740b5f0000, 0x0000017412140000]
CodeHeap 'profiled nmethods': size=120000Kb used=24751Kb max_used=24751Kb free=95248Kb
 bounds [0x0000017403140000, 0x0000017404970000, 0x000001740a670000]
CodeHeap 'non-nmethods': size=5760Kb used=1426Kb max_used=1479Kb free=4333Kb
 bounds [0x000001740a670000, 0x000001740a8e0000, 0x000001740ac10000]
CodeCache: size=245760Kb, used=36273Kb, max_used=36326Kb, free=209484Kb
 total_blobs=10657, nmethods=9930, adapters=632, full_count=0
Compilation: enabled, stopped_count=0, restarted_count=0

Compilation events (20 events):
Event: 74.477 Thread 0x000001747d19d8d0 10522  s    3       org.eclipse.core.internal.localstore.FileStoreRoot::getCanonicalRoot (23 bytes)
Event: 74.477 Thread 0x000001747d19d8d0 nmethod 10522 0x000001740495d610 code [0x000001740495d7c0, 0x000001740495da20]
Event: 74.477 Thread 0x000001747d19d8d0 10523       1       org.eclipse.core.internal.resources.FilterDescriptor::isFirstOrdering (5 bytes)
Event: 74.480 Thread 0x000001747d19d8d0 nmethod 10523 0x000001740b5e6c10 code [0x000001740b5e6da0, 0x000001740b5e6e70]
Event: 74.482 Thread 0x000001747d19d8d0 10524       3       org.eclipse.osgi.internal.framework.EquinoxBundle::checkValid (42 bytes)
Event: 74.483 Thread 0x000001747d19d8d0 nmethod 10524 0x000001740495db10 code [0x000001740495dd60, 0x000001740495e508]
Event: 74.484 Thread 0x000001747d19d8d0 10525   !   3       org.eclipse.core.internal.localstore.FileSystemResourceManager::getStore (32 bytes)
Event: 74.485 Thread 0x000001747d19d8d0 nmethod 10525 0x000001740495e890 code [0x000001740495eac0, 0x000001740495f1c8]
Event: 74.494 Thread 0x000001747d19d8d0 10526       3       org.eclipse.core.internal.resources.Container::members (55 bytes)
Event: 74.495 Thread 0x000001747d19d8d0 nmethod 10526 0x000001740495f510 code [0x000001740495f760, 0x0000017404960328]
Event: 74.507 Thread 0x00000174620761e0 nmethod 10512 0x000001740b5e6f10 code [0x000001740b5e7240, 0x000001740b5e93c0]
Event: 74.507 Thread 0x000001747d19d8d0 10527       3       org.eclipse.core.internal.dtree.NoDataDeltaNode::<init> (14 bytes)
Event: 74.508 Thread 0x00000174620761e0 10517       4       org.eclipse.core.internal.resources.Resource::getResourceInfo (14 bytes)
Event: 74.508 Thread 0x000001747d19d8d0 nmethod 10527 0x0000017404960710 code [0x00000174049608c0, 0x0000017404960cb0]
Event: 74.511 Thread 0x000001747d19d8d0 10528       3       com.sun.jna.Memory::<init> (121 bytes)
Event: 74.512 Thread 0x000001747d19d8d0 nmethod 10528 0x0000017404960e10 code [0x0000017404961120, 0x0000017404962018]
Event: 74.512 Thread 0x000001747d19d8d0 10529       3       com.sun.jna.Memory::malloc (5 bytes)
Event: 74.512 Thread 0x000001747d19d8d0 nmethod 10529 0x0000017404962610 code [0x00000174049627c0, 0x00000174049628d8]
Event: 74.512 Thread 0x000001747d19d8d0 10530       3       com.sun.jna.Memory$MemoryDisposer::<init> (10 bytes)
Event: 74.512 Thread 0x000001747d19d8d0 nmethod 10530 0x0000017404962990 code [0x0000017404962b40, 0x0000017404962ca8]

GC Heap History (20 events):
Event: 74.367 GC heap before
{Heap before GC invocations=1609 (full 2):
 PSYoungGen      total 3072K, used 2947K [0x00000000d5580000, 0x00000000d5a00000, 0x0000000100000000)
  eden space 1536K, 100% used [0x00000000d5580000,0x00000000d5700000,0x00000000d5700000)
  from space 1536K, 91% used [0x00000000d5880000,0x00000000d59e0f80,0x00000000d5a00000)
  to   space 1536K, 0% used [0x00000000d5700000,0x00000000d5700000,0x00000000d5880000)
 ParOldGen       total 1049600K, used 1049414K [0x0000000080000000, 0x00000000c0100000, 0x00000000d5580000)
  object space 1049600K, 99% used [0x0000000080000000,0x00000000c00d1938,0x00000000c0100000)
 Metaspace       used 57547K, committed 58880K, reserved 1114112K
  class space    used 6092K, committed 6656K, reserved 1048576K
}
Event: 74.372 GC heap after
{Heap after GC invocations=1609 (full 2):
 PSYoungGen      total 3072K, used 1438K [0x00000000d5580000, 0x00000000d5a00000, 0x0000000100000000)
  eden space 1536K, 0% used [0x00000000d5580000,0x00000000d5580000,0x00000000d5700000)
  from space 1536K, 93% used [0x00000000d5700000,0x00000000d5867a00,0x00000000d5880000)
  to   space 1536K, 0% used [0x00000000d5880000,0x00000000d5880000,0x00000000d5a00000)
 ParOldGen       total 1052160K, used 1051854K [0x0000000080000000, 0x00000000c0380000, 0x00000000d5580000)
  object space 1052160K, 99% used [0x0000000080000000,0x00000000c0333838,0x00000000c0380000)
 Metaspace       used 57547K, committed 58880K, reserved 1114112K
  class space    used 6092K, committed 6656K, reserved 1048576K
}
Event: 74.390 GC heap before
{Heap before GC invocations=1610 (full 2):
 PSYoungGen      total 3072K, used 2974K [0x00000000d5580000, 0x00000000d5a00000, 0x0000000100000000)
  eden space 1536K, 100% used [0x00000000d5580000,0x00000000d5700000,0x00000000d5700000)
  from space 1536K, 93% used [0x00000000d5700000,0x00000000d5867a00,0x00000000d5880000)
  to   space 1536K, 0% used [0x00000000d5880000,0x00000000d5880000,0x00000000d5a00000)
 ParOldGen       total 1052160K, used 1051854K [0x0000000080000000, 0x00000000c0380000, 0x00000000d5580000)
  object space 1052160K, 99% used [0x0000000080000000,0x00000000c0333838,0x00000000c0380000)
 Metaspace       used 57557K, committed 58880K, reserved 1114112K
  class space    used 6092K, committed 6656K, reserved 1048576K
}
Event: 74.393 GC heap after
{Heap after GC invocations=1610 (full 2):
 PSYoungGen      total 3072K, used 1088K [0x00000000d5580000, 0x00000000d5a00000, 0x0000000100000000)
  eden space 1536K, 0% used [0x00000000d5580000,0x00000000d5580000,0x00000000d5700000)
  from space 1536K, 70% used [0x00000000d5880000,0x00000000d5990000,0x00000000d5a00000)
  to   space 1536K, 0% used [0x00000000d5700000,0x00000000d5700000,0x00000000d5880000)
 ParOldGen       total 1053184K, used 1053164K [0x0000000080000000, 0x00000000c0480000, 0x00000000d5580000)
  object space 1053184K, 99% used [0x0000000080000000,0x00000000c047b238,0x00000000c0480000)
 Metaspace       used 57557K, committed 58880K, reserved 1114112K
  class space    used 6092K, committed 6656K, reserved 1048576K
}
Event: 74.410 GC heap before
{Heap before GC invocations=1611 (full 2):
 PSYoungGen      total 3072K, used 2624K [0x00000000d5580000, 0x00000000d5a00000, 0x0000000100000000)
  eden space 1536K, 100% used [0x00000000d5580000,0x00000000d5700000,0x00000000d5700000)
  from space 1536K, 70% used [0x00000000d5880000,0x00000000d5990000,0x00000000d5a00000)
  to   space 1536K, 0% used [0x00000000d5700000,0x00000000d5700000,0x00000000d5880000)
 ParOldGen       total 1056256K, used 1055476K [0x0000000080000000, 0x00000000c0780000, 0x00000000d5580000)
  object space 1056256K, 99% used [0x0000000080000000,0x00000000c06bd138,0x00000000c0780000)
 Metaspace       used 57572K, committed 58880K, reserved 1114112K
  class space    used 6092K, committed 6656K, reserved 1048576K
}
Event: 74.413 GC heap after
{Heap after GC invocations=1611 (full 2):
 PSYoungGen      total 3072K, used 1248K [0x00000000d5580000, 0x00000000d5a00000, 0x0000000100000000)
  eden space 1536K, 0% used [0x00000000d5580000,0x00000000d5580000,0x00000000d5700000)
  from space 1536K, 81% used [0x00000000d5700000,0x00000000d5838000,0x00000000d5880000)
  to   space 1536K, 0% used [0x00000000d5880000,0x00000000d5880000,0x00000000d5a00000)
 ParOldGen       total 1056768K, used 1056420K [0x0000000080000000, 0x00000000c0800000, 0x00000000d5580000)
  object space 1056768K, 99% used [0x0000000080000000,0x00000000c07a9138,0x00000000c0800000)
 Metaspace       used 57572K, committed 58880K, reserved 1114112K
  class space    used 6092K, committed 6656K, reserved 1048576K
}
Event: 74.443 GC heap before
{Heap before GC invocations=1612 (full 2):
 PSYoungGen      total 3072K, used 2784K [0x00000000d5580000, 0x00000000d5a00000, 0x0000000100000000)
  eden space 1536K, 100% used [0x00000000d5580000,0x00000000d5700000,0x00000000d5700000)
  from space 1536K, 81% used [0x00000000d5700000,0x00000000d5838000,0x00000000d5880000)
  to   space 1536K, 0% used [0x00000000d5880000,0x00000000d5880000,0x00000000d5a00000)
 ParOldGen       total 1058816K, used 1058246K [0x0000000080000000, 0x00000000c0a00000, 0x00000000d5580000)
  object space 1058816K, 99% used [0x0000000080000000,0x00000000c09718b8,0x00000000c0a00000)
 Metaspace       used 57600K, committed 58944K, reserved 1114112K
  class space    used 6092K, committed 6656K, reserved 1048576K
}
Event: 74.446 GC heap after
{Heap after GC invocations=1612 (full 2):
 PSYoungGen      total 2560K, used 608K [0x00000000d5580000, 0x00000000d5980000, 0x0000000100000000)
  eden space 1536K, 0% used [0x00000000d5580000,0x00000000d5580000,0x00000000d5700000)
  from space 1024K, 59% used [0x00000000d5880000,0x00000000d5918000,0x00000000d5980000)
  to   space 1024K, 0% used [0x00000000d5780000,0x00000000d5780000,0x00000000d5880000)
 ParOldGen       total 1059840K, used 1059342K [0x0000000080000000, 0x00000000c0b00000, 0x00000000d5580000)
  object space 1059840K, 99% used [0x0000000080000000,0x00000000c0a838b8,0x00000000c0b00000)
 Metaspace       used 57600K, committed 58944K, reserved 1114112K
  class space    used 6092K, committed 6656K, reserved 1048576K
}
Event: 74.452 GC heap before
{Heap before GC invocations=1613 (full 2):
 PSYoungGen      total 2560K, used 2144K [0x00000000d5580000, 0x00000000d5980000, 0x0000000100000000)
  eden space 1536K, 100% used [0x00000000d5580000,0x00000000d5700000,0x00000000d5700000)
  from space 1024K, 59% used [0x00000000d5880000,0x00000000d5918000,0x00000000d5980000)
  to   space 1024K, 0% used [0x00000000d5780000,0x00000000d5780000,0x00000000d5880000)
 ParOldGen       total 1059840K, used 1059342K [0x0000000080000000, 0x00000000c0b00000, 0x00000000d5580000)
  object space 1059840K, 99% used [0x0000000080000000,0x00000000c0a838b8,0x00000000c0b00000)
 Metaspace       used 57616K, committed 58944K, reserved 1114112K
  class space    used 6092K, committed 6656K, reserved 1048576K
}
Event: 74.455 GC heap after
{Heap after GC invocations=1613 (full 2):
 PSYoungGen      total 2560K, used 1024K [0x00000000d5580000, 0x00000000d5c00000, 0x0000000100000000)
  eden space 1536K, 0% used [0x00000000d5580000,0x00000000d5580000,0x00000000d5700000)
  from space 1024K, 100% used [0x00000000d5780000,0x00000000d5880000,0x00000000d5880000)
  to   space 2560K, 0% used [0x00000000d5980000,0x00000000d5980000,0x00000000d5c00000)
 ParOldGen       total 1060352K, used 1060154K [0x0000000080000000, 0x00000000c0b80000, 0x00000000d5580000)
  object space 1060352K, 99% used [0x0000000080000000,0x00000000c0b4e9b8,0x00000000c0b80000)
 Metaspace       used 57616K, committed 58944K, reserved 1114112K
  class space    used 6092K, committed 6656K, reserved 1048576K
}
Event: 74.458 GC heap before
{Heap before GC invocations=1614 (full 2):
 PSYoungGen      total 2560K, used 2560K [0x00000000d5580000, 0x00000000d5c00000, 0x0000000100000000)
  eden space 1536K, 100% used [0x00000000d5580000,0x00000000d5700000,0x00000000d5700000)
  from space 1024K, 100% used [0x00000000d5780000,0x00000000d5880000,0x00000000d5880000)
  to   space 2560K, 0% used [0x00000000d5980000,0x00000000d5980000,0x00000000d5c00000)
 ParOldGen       total 1060352K, used 1060154K [0x0000000080000000, 0x00000000c0b80000, 0x00000000d5580000)
  object space 1060352K, 99% used [0x0000000080000000,0x00000000c0b4e9b8,0x00000000c0b80000)
 Metaspace       used 57617K, committed 58944K, reserved 1114112K
  class space    used 6092K, committed 6656K, reserved 1048576K
}
Event: 74.461 GC heap after
{Heap after GC invocations=1614 (full 2):
 PSYoungGen      total 4096K, used 1673K [0x00000000d5580000, 0x00000000d5b80000, 0x0000000100000000)
  eden space 2048K, 0% used [0x00000000d5580000,0x00000000d5580000,0x00000000d5780000)
  from space 2048K, 81% used [0x00000000d5980000,0x00000000d5b226c0,0x00000000d5b80000)
  to   space 2048K, 0% used [0x00000000d5780000,0x00000000d5780000,0x00000000d5980000)
 ParOldGen       total 1061376K, used 1061226K [0x0000000080000000, 0x00000000c0c80000, 0x00000000d5580000)
  object space 1061376K, 99% used [0x0000000080000000,0x00000000c0c5a9b8,0x00000000c0c80000)
 Metaspace       used 57617K, committed 58944K, reserved 1114112K
  class space    used 6092K, committed 6656K, reserved 1048576K
}
Event: 74.467 GC heap before
{Heap before GC invocations=1615 (full 2):
 PSYoungGen      total 4096K, used 3721K [0x00000000d5580000, 0x00000000d5b80000, 0x0000000100000000)
  eden space 2048K, 100% used [0x00000000d5580000,0x00000000d5780000,0x00000000d5780000)
  from space 2048K, 81% used [0x00000000d5980000,0x00000000d5b226c0,0x00000000d5b80000)
  to   space 2048K, 0% used [0x00000000d5780000,0x00000000d5780000,0x00000000d5980000)
 ParOldGen       total 1061376K, used 1061226K [0x0000000080000000, 0x00000000c0c80000, 0x00000000d5580000)
  object space 1061376K, 99% used [0x0000000080000000,0x00000000c0c5a9b8,0x00000000c0c80000)
 Metaspace       used 57617K, committed 58944K, reserved 1114112K
  class space    used 6092K, committed 6656K, reserved 1048576K
}
Event: 74.471 GC heap after
{Heap after GC invocations=1615 (full 2):
 PSYoungGen      total 4096K, used 2048K [0x00000000d5580000, 0x00000000d6000000, 0x0000000100000000)
  eden space 2048K, 0% used [0x00000000d5580000,0x00000000d5580000,0x00000000d5780000)
  from space 2048K, 100% used [0x00000000d5780000,0x00000000d5980000,0x00000000d5980000)
  to   space 4096K, 0% used [0x00000000d5c00000,0x00000000d5c00000,0x00000000d6000000)
 ParOldGen       total 1063424K, used 1062780K [0x0000000080000000, 0x00000000c0e80000, 0x00000000d5580000)
  object space 1063424K, 99% used [0x0000000080000000,0x00000000c0ddf078,0x00000000c0e80000)
 Metaspace       used 57617K, committed 58944K, reserved 1114112K
  class space    used 6092K, committed 6656K, reserved 1048576K
}
Event: 74.477 GC heap before
{Heap before GC invocations=1616 (full 2):
 PSYoungGen      total 4096K, used 4096K [0x00000000d5580000, 0x00000000d6000000, 0x0000000100000000)
  eden space 2048K, 100% used [0x00000000d5580000,0x00000000d5780000,0x00000000d5780000)
  from space 2048K, 100% used [0x00000000d5780000,0x00000000d5980000,0x00000000d5980000)
  to   space 4096K, 0% used [0x00000000d5c00000,0x00000000d5c00000,0x00000000d6000000)
 ParOldGen       total 1063424K, used 1062780K [0x0000000080000000, 0x00000000c0e80000, 0x00000000d5580000)
  object space 1063424K, 99% used [0x0000000080000000,0x00000000c0ddf078,0x00000000c0e80000)
 Metaspace       used 57621K, committed 58944K, reserved 1114112K
  class space    used 6093K, committed 6656K, reserved 1048576K
}
Event: 74.480 GC heap after
{Heap after GC invocations=1616 (full 2):
 PSYoungGen      total 4608K, used 1984K [0x00000000d5580000, 0x00000000d5e00000, 0x0000000100000000)
  eden space 2560K, 0% used [0x00000000d5580000,0x00000000d5580000,0x00000000d5800000)
  from space 2048K, 96% used [0x00000000d5c00000,0x00000000d5df0000,0x00000000d5e00000)
  to   space 3072K, 0% used [0x00000000d5800000,0x00000000d5800000,0x00000000d5b00000)
 ParOldGen       total 1064960K, used 1064764K [0x0000000080000000, 0x00000000c1000000, 0x00000000d5580000)
  object space 1064960K, 99% used [0x0000000080000000,0x00000000c0fcf078,0x00000000c1000000)
 Metaspace       used 57621K, committed 58944K, reserved 1114112K
  class space    used 6093K, committed 6656K, reserved 1048576K
}
Event: 74.488 GC heap before
{Heap before GC invocations=1617 (full 2):
 PSYoungGen      total 4608K, used 4544K [0x00000000d5580000, 0x00000000d5e00000, 0x0000000100000000)
  eden space 2560K, 100% used [0x00000000d5580000,0x00000000d5800000,0x00000000d5800000)
  from space 2048K, 96% used [0x00000000d5c00000,0x00000000d5df0000,0x00000000d5e00000)
  to   space 3072K, 0% used [0x00000000d5800000,0x00000000d5800000,0x00000000d5b00000)
 ParOldGen       total 1064960K, used 1064764K [0x0000000080000000, 0x00000000c1000000, 0x00000000d5580000)
  object space 1064960K, 99% used [0x0000000080000000,0x00000000c0fcf078,0x00000000c1000000)
 Metaspace       used 57622K, committed 58944K, reserved 1114112K
  class space    used 6093K, committed 6656K, reserved 1048576K
}
Event: 74.493 GC heap after
{Heap after GC invocations=1617 (full 2):
 PSYoungGen      total 5632K, used 2464K [0x00000000d5580000, 0x00000000d5e80000, 0x0000000100000000)
  eden space 2560K, 0% used [0x00000000d5580000,0x00000000d5580000,0x00000000d5800000)
  from space 3072K, 80% used [0x00000000d5800000,0x00000000d5a68000,0x00000000d5b00000)
  to   space 3072K, 0% used [0x00000000d5b80000,0x00000000d5b80000,0x00000000d5e80000)
 ParOldGen       total 1067008K, used 1066676K [0x0000000080000000, 0x00000000c1200000, 0x00000000d5580000)
  object space 1067008K, 99% used [0x0000000080000000,0x00000000c11ad078,0x00000000c1200000)
 Metaspace       used 57622K, committed 58944K, reserved 1114112K
  class space    used 6093K, committed 6656K, reserved 1048576K
}
Event: 74.500 GC heap before
{Heap before GC invocations=1618 (full 2):
 PSYoungGen      total 5632K, used 5024K [0x00000000d5580000, 0x00000000d5e80000, 0x0000000100000000)
  eden space 2560K, 100% used [0x00000000d5580000,0x00000000d5800000,0x00000000d5800000)
  from space 3072K, 80% used [0x00000000d5800000,0x00000000d5a68000,0x00000000d5b00000)
  to   space 3072K, 0% used [0x00000000d5b80000,0x00000000d5b80000,0x00000000d5e80000)
 ParOldGen       total 1067008K, used 1066676K [0x0000000080000000, 0x00000000c1200000, 0x00000000d5580000)
  object space 1067008K, 99% used [0x0000000080000000,0x00000000c11ad078,0x00000000c1200000)
 Metaspace       used 57625K, committed 58944K, reserved 1114112K
  class space    used 6093K, committed 6656K, reserved 1048576K
}
Event: 74.505 GC heap after
{Heap after GC invocations=1618 (full 2):
 PSYoungGen      total 5632K, used 2400K [0x00000000d5580000, 0x00000000d5e00000, 0x0000000100000000)
  eden space 3072K, 0% used [0x00000000d5580000,0x00000000d5580000,0x00000000d5880000)
  from space 2560K, 93% used [0x00000000d5b80000,0x00000000d5dd8000,0x00000000d5e00000)
  to   space 2560K, 0% used [0x00000000d5900000,0x00000000d5900000,0x00000000d5b80000)
 ParOldGen       total 1069568K, used 1069084K [0x0000000080000000, 0x00000000c1480000, 0x00000000d5580000)
  object space 1069568K, 99% used [0x0000000080000000,0x00000000c1407078,0x00000000c1480000)
 Metaspace       used 57625K, committed 58944K, reserved 1114112K
  class space    used 6093K, committed 6656K, reserved 1048576K
}

Dll operation events (10 events):
Event: 0.011 Loaded shared library c:\Users\ADMIN\.antigravity\extensions\redhat.java-1.53.0-win32-x64\jre\21.0.10-win32-x86_64\bin\java.dll
Event: 0.087 Loaded shared library c:\Users\ADMIN\.antigravity\extensions\redhat.java-1.53.0-win32-x64\jre\21.0.10-win32-x86_64\bin\zip.dll
Event: 0.114 Loaded shared library C:\Users\ADMIN\.antigravity\extensions\redhat.java-1.53.0-win32-x64\jre\21.0.10-win32-x86_64\bin\instrument.dll
Event: 0.120 Loaded shared library C:\Users\ADMIN\.antigravity\extensions\redhat.java-1.53.0-win32-x64\jre\21.0.10-win32-x86_64\bin\net.dll
Event: 0.122 Loaded shared library C:\Users\ADMIN\.antigravity\extensions\redhat.java-1.53.0-win32-x64\jre\21.0.10-win32-x86_64\bin\nio.dll
Event: 0.126 Loaded shared library C:\Users\ADMIN\.antigravity\extensions\redhat.java-1.53.0-win32-x64\jre\21.0.10-win32-x86_64\bin\zip.dll
Event: 0.151 Loaded shared library C:\Users\ADMIN\.antigravity\extensions\redhat.java-1.53.0-win32-x64\jre\21.0.10-win32-x86_64\bin\jimage.dll
Event: 0.231 Loaded shared library c:\Users\ADMIN\.antigravity\extensions\redhat.java-1.53.0-win32-x64\jre\21.0.10-win32-x86_64\bin\verify.dll
Event: 2.017 Loaded shared library C:\Users\ADMIN\AppData\Roaming\Antigravity\User\globalStorage\redhat.java\1.53.0\config_win\org.eclipse.equinox.launcher\org.eclipse.equinox.launcher.win32.win32.x86_64_1.3.0.v20260203-2149\eclipse_11919.dll
Event: 5.167 Loaded shared library C:\Users\ADMIN\AppData\Local\Temp\jna-62130991\jna11218008161156568263.dll

Deoptimization events (20 events):
Event: 74.263 Thread 0x000001745f224b20 Uncommon trap: trap_request=0xffffffde fr.pc=0x000001740b2fa9d8 relative=0x0000000000000478
Event: 74.263 Thread 0x000001745f224b20 Uncommon trap: reason=class_check action=maybe_recompile pc=0x000001740b2fa9d8 method=java.util.AbstractMap.hashCode()I @ 3 c2
Event: 74.263 Thread 0x000001745f224b20 DEOPT PACKING pc=0x000001740b2fa9d8 sp=0x0000000ea4bfe7a0
Event: 74.263 Thread 0x000001745f224b20 DEOPT UNPACKING pc=0x000001740a6c6da2 sp=0x0000000ea4bfe748 mode 2
Event: 74.266 Thread 0x000001745f224b20 Uncommon trap: trap_request=0xffffff45 fr.pc=0x000001740b56a464 relative=0x0000000000000d44
Event: 74.266 Thread 0x000001745f224b20 Uncommon trap: reason=unstable_if action=reinterpret pc=0x000001740b56a464 method=org.eclipse.jdt.internal.core.index.DiskIndex.computeDocumentNames([Ljava/lang/String;[ILorg/eclipse/jdt/internal/compiler/util/SimpleLookupTable;Lorg/eclipse/jdt/internal/c
Event: 74.266 Thread 0x000001745f224b20 DEOPT PACKING pc=0x000001740b56a464 sp=0x0000000ea4bfeca0
Event: 74.266 Thread 0x000001745f224b20 DEOPT UNPACKING pc=0x000001740a6c6da2 sp=0x0000000ea4bfec80 mode 2
Event: 74.298 Thread 0x000001745f2251b0 Uncommon trap: trap_request=0xffffff45 fr.pc=0x000001740af3f498 relative=0x0000000000000f78
Event: 74.298 Thread 0x000001745f2251b0 Uncommon trap: reason=unstable_if action=reinterpret pc=0x000001740af3f498 method=java.net.URI.match(CJJ)Z @ 1 c2
Event: 74.298 Thread 0x000001745f2251b0 DEOPT PACKING pc=0x000001740af3f498 sp=0x0000000ea46fea40
Event: 74.298 Thread 0x000001745f2251b0 DEOPT UNPACKING pc=0x000001740a6c6da2 sp=0x0000000ea46fe9a0 mode 2
Event: 74.301 Thread 0x000001745f2251b0 Uncommon trap: trap_request=0xffffff45 fr.pc=0x000001740ad82048 relative=0x00000000000000a8
Event: 74.302 Thread 0x000001745f2251b0 Uncommon trap: reason=unstable_if action=reinterpret pc=0x000001740ad82048 method=java.util.regex.Pattern.append(II)V @ 9 c2
Event: 74.302 Thread 0x000001745f2251b0 DEOPT PACKING pc=0x000001740ad82048 sp=0x0000000ea46feaf0
Event: 74.302 Thread 0x000001745f2251b0 DEOPT UNPACKING pc=0x000001740a6c6da2 sp=0x0000000ea46fea80 mode 2
Event: 74.372 Thread 0x000001745f2251b0 Uncommon trap: trap_request=0xffffff45 fr.pc=0x000001740ac93b14 relative=0x0000000000000074
Event: 74.372 Thread 0x000001745f2251b0 Uncommon trap: reason=unstable_if action=reinterpret pc=0x000001740ac93b14 method=java.net.URI.match(CJJ)Z @ 1 c2
Event: 74.372 Thread 0x000001745f2251b0 DEOPT PACKING pc=0x000001740ac93b14 sp=0x0000000ea46fea00
Event: 74.372 Thread 0x000001745f2251b0 DEOPT UNPACKING pc=0x000001740a6c6da2 sp=0x0000000ea46fe990 mode 2

Classes loaded (20 events):
Event: 57.690 Loading class java/lang/Throwable$WrappedPrintStream
Event: 57.690 Loading class java/lang/Throwable$WrappedPrintStream done
Event: 74.296 Loading class java/util/TreeMap$AscendingSubMap
Event: 74.297 Loading class java/util/TreeMap$NavigableSubMap
Event: 74.297 Loading class java/util/TreeMap$NavigableSubMap done
Event: 74.298 Loading class java/util/TreeMap$AscendingSubMap done
Event: 74.298 Loading class java/util/TreeMap$NavigableSubMap$SubMapKeyIterator
Event: 74.298 Loading class java/util/TreeMap$NavigableSubMap$SubMapIterator
Event: 74.298 Loading class java/util/TreeMap$NavigableSubMap$SubMapIterator done
Event: 74.298 Loading class java/util/TreeMap$NavigableSubMap$SubMapKeyIterator done
Event: 74.301 Loading class java/util/regex/PatternSyntaxException
Event: 74.301 Loading class java/util/regex/PatternSyntaxException done
Event: 74.311 Loading class java/util/AbstractList$RandomAccessSubList
Event: 74.311 Loading class java/util/AbstractList$SubList
Event: 74.312 Loading class java/util/AbstractList$SubList done
Event: 74.312 Loading class java/util/AbstractList$RandomAccessSubList done
Event: 74.312 Loading class java/util/AbstractList$SubList$1
Event: 74.312 Loading class java/util/AbstractList$SubList$1 done
Event: 74.321 Loading class java/util/ImmutableCollections$SubList
Event: 74.322 Loading class java/util/ImmutableCollections$SubList done

Classes unloaded (7 events):
Event: 5.836 Thread 0x000001747d183af0 Unloading class 0x00000174181ad400 'java/lang/invoke/LambdaForm$MH+0x00000174181ad400'
Event: 5.836 Thread 0x000001747d183af0 Unloading class 0x00000174181ad000 'java/lang/invoke/LambdaForm$MH+0x00000174181ad000'
Event: 5.836 Thread 0x000001747d183af0 Unloading class 0x00000174181acc00 'java/lang/invoke/LambdaForm$MH+0x00000174181acc00'
Event: 5.836 Thread 0x000001747d183af0 Unloading class 0x00000174181ac800 'java/lang/invoke/LambdaForm$MH+0x00000174181ac800'
Event: 5.836 Thread 0x000001747d183af0 Unloading class 0x00000174181ac400 'java/lang/invoke/LambdaForm$BMH+0x00000174181ac400'
Event: 5.836 Thread 0x000001747d183af0 Unloading class 0x00000174181ac000 'java/lang/invoke/LambdaForm$DMH+0x00000174181ac000'
Event: 5.836 Thread 0x000001747d183af0 Unloading class 0x00000174181aac00 'java/lang/invoke/LambdaForm$DMH+0x00000174181aac00'

Classes redefined (0 events):
No events

Internal exceptions (20 events):
Event: 70.198 Thread 0x000001745f2251b0 Exception <a 'sun/nio/fs/WindowsException'{0x00000000d56aba20}> (0x00000000d56aba20) 
thrown [s\src\hotspot\share\prims\jni.cpp, line 520]
Event: 72.203 Thread 0x000001745f2251b0 Exception <a 'sun/nio/fs/WindowsException'{0x00000000d56abe68}> (0x00000000d56abe68) 
thrown [s\src\hotspot\share\prims\jni.cpp, line 520]
Event: 74.231 Thread 0x000001745f224b20 Exception <a 'java/io/IOException'{0x00000000d55be868}> (0x00000000d55be868) 
thrown [s\src\hotspot\share\prims\jni.cpp, line 520]
Event: 74.231 Thread 0x000001745f224b20 Exception <a 'java/io/IOException'{0x00000000d55beb90}> (0x00000000d55beb90) 
thrown [s\src\hotspot\share\prims\jni.cpp, line 520]
Event: 74.233 Thread 0x000001745f224b20 Exception <a 'java/io/IOException'{0x00000000d55d3438}> (0x00000000d55d3438) 
thrown [s\src\hotspot\share\prims\jni.cpp, line 520]
Event: 74.245 Thread 0x000001745f224b20 Exception <a 'java/io/IOException'{0x00000000d56410b8}> (0x00000000d56410b8) 
thrown [s\src\hotspot\share\prims\jni.cpp, line 520]
Event: 74.247 Thread 0x000001745f224b20 Exception <a 'java/io/IOException'{0x00000000d565e9a0}> (0x00000000d565e9a0) 
thrown [s\src\hotspot\share\prims\jni.cpp, line 520]
Event: 74.257 Thread 0x000001745f224b20 Exception <a 'java/io/IOException'{0x00000000d56ce8f8}> (0x00000000d56ce8f8) 
thrown [s\src\hotspot\share\prims\jni.cpp, line 520]
Event: 74.257 Thread 0x000001745f224b20 Exception <a 'java/io/IOException'{0x00000000d56cec20}> (0x00000000d56cec20) 
thrown [s\src\hotspot\share\prims\jni.cpp, line 520]
Event: 74.259 Thread 0x000001745f224b20 Exception <a 'java/io/IOException'{0x00000000d56dea08}> (0x00000000d56dea08) 
thrown [s\src\hotspot\share\prims\jni.cpp, line 520]
Event: 74.268 Thread 0x000001745f2251b0 Exception <a 'sun/nio/fs/WindowsException'{0x00000000d55ec5d0}> (0x00000000d55ec5d0) 
thrown [s\src\hotspot\share\prims\jni.cpp, line 520]
Event: 74.284 Thread 0x000001745f2251b0 Exception <a 'sun/nio/fs/WindowsException'{0x00000000d561bb28}> (0x00000000d561bb28) 
thrown [s\src\hotspot\share\prims\jni.cpp, line 520]
Event: 74.288 Thread 0x00000174624e42e0 Exception <a 'sun/nio/fs/WindowsException'{0x00000000d5670f48}> (0x00000000d5670f48) 
thrown [s\src\hotspot\share\prims\jni.cpp, line 520]
Event: 74.288 Thread 0x00000174624e35c0 Exception <a 'sun/nio/fs/WindowsException'{0x00000000d5669e78}> (0x00000000d5669e78) 
thrown [s\src\hotspot\share\prims\jni.cpp, line 520]
Event: 74.364 Thread 0x000001745f2251b0 Exception <a 'sun/nio/fs/WindowsException'{0x00000000d56d64c8}> (0x00000000d56d64c8) 
thrown [s\src\hotspot\share\prims\jni.cpp, line 520]
Event: 74.365 Thread 0x00000174624e28a0 Exception <a 'sun/nio/fs/WindowsException'{0x00000000d56e5180}> (0x00000000d56e5180) 
thrown [s\src\hotspot\share\prims\jni.cpp, line 520]
Event: 74.365 Thread 0x00000174624e4970 Exception <a 'sun/nio/fs/WindowsException'{0x00000000d56e5958}> (0x00000000d56e5958) 
thrown [s\src\hotspot\share\prims\jni.cpp, line 520]
Event: 74.466 Thread 0x000001745f2251b0 Exception <a 'sun/nio/fs/WindowsException'{0x00000000d56795f0}> (0x00000000d56795f0) 
thrown [s\src\hotspot\share\prims\jni.cpp, line 520]
Event: 74.467 Thread 0x00000174624e42e0 Exception <a 'sun/nio/fs/WindowsException'{0x00000000d57215e8}> (0x00000000d57215e8) 
thrown [s\src\hotspot\share\prims\jni.cpp, line 520]
Event: 74.467 Thread 0x00000174624e5000 Exception <a 'sun/nio/fs/WindowsException'{0x00000000d5720348}> (0x00000000d5720348) 
thrown [s\src\hotspot\share\prims\jni.cpp, line 520]

ZGC Phase Switch (0 events):
No events

VM Operations (20 events):
Event: 74.367 Executing safepoint VM operation: ParallelGCFailedAllocation (Allocation Failure)
Event: 74.372 Executing safepoint VM operation: ParallelGCFailedAllocation (Allocation Failure) done
Event: 74.390 Executing safepoint VM operation: ParallelGCFailedAllocation (Allocation Failure)
Event: 74.393 Executing safepoint VM operation: ParallelGCFailedAllocation (Allocation Failure) done
Event: 74.410 Executing safepoint VM operation: ParallelGCFailedAllocation (Allocation Failure)
Event: 74.413 Executing safepoint VM operation: ParallelGCFailedAllocation (Allocation Failure) done
Event: 74.443 Executing safepoint VM operation: ParallelGCFailedAllocation (Allocation Failure)
Event: 74.446 Executing safepoint VM operation: ParallelGCFailedAllocation (Allocation Failure) done
Event: 74.452 Executing safepoint VM operation: ParallelGCFailedAllocation (Allocation Failure)
Event: 74.455 Executing safepoint VM operation: ParallelGCFailedAllocation (Allocation Failure) done
Event: 74.458 Executing safepoint VM operation: ParallelGCFailedAllocation (Allocation Failure)
Event: 74.461 Executing safepoint VM operation: ParallelGCFailedAllocation (Allocation Failure) done
Event: 74.467 Executing safepoint VM operation: ParallelGCFailedAllocation (Allocation Failure)
Event: 74.471 Executing safepoint VM operation: ParallelGCFailedAllocation (Allocation Failure) done
Event: 74.477 Executing safepoint VM operation: ParallelGCFailedAllocation (Allocation Failure)
Event: 74.480 Executing safepoint VM operation: ParallelGCFailedAllocation (Allocation Failure) done
Event: 74.488 Executing safepoint VM operation: ParallelGCFailedAllocation (Allocation Failure)
Event: 74.493 Executing safepoint VM operation: ParallelGCFailedAllocation (Allocation Failure) done
Event: 74.500 Executing safepoint VM operation: ParallelGCFailedAllocation (Allocation Failure)
Event: 74.506 Executing safepoint VM operation: ParallelGCFailedAllocation (Allocation Failure) done

Memory protections (0 events):
No events

Nmethod flushes (20 events):
Event: 8.230 Thread 0x000001747d183af0 flushing  nmethod 0x0000017403750b90
Event: 8.230 Thread 0x000001747d183af0 flushing  nmethod 0x0000017403750f90
Event: 8.230 Thread 0x000001747d183af0 flushing  nmethod 0x0000017403751890
Event: 8.230 Thread 0x000001747d183af0 flushing  nmethod 0x0000017403752a90
Event: 8.230 Thread 0x000001747d183af0 flushing  nmethod 0x0000017403753710
Event: 8.230 Thread 0x000001747d183af0 flushing  nmethod 0x0000017403754a90
Event: 8.230 Thread 0x000001747d183af0 flushing  nmethod 0x0000017403755790
Event: 8.230 Thread 0x000001747d183af0 flushing  nmethod 0x0000017403756110
Event: 8.230 Thread 0x000001747d183af0 flushing  nmethod 0x0000017403756610
Event: 8.230 Thread 0x000001747d183af0 flushing  nmethod 0x0000017403756a10
Event: 8.230 Thread 0x000001747d183af0 flushing  nmethod 0x0000017403756e90
Event: 8.230 Thread 0x000001747d183af0 flushing  nmethod 0x0000017403759410
Event: 8.230 Thread 0x000001747d183af0 flushing  nmethod 0x0000017403759910
Event: 8.230 Thread 0x000001747d183af0 flushing  nmethod 0x0000017403773310
Event: 8.230 Thread 0x000001747d183af0 flushing  nmethod 0x000001740377cb10
Event: 8.230 Thread 0x000001747d183af0 flushing  nmethod 0x000001740378b390
Event: 8.230 Thread 0x000001747d183af0 flushing  nmethod 0x0000017403793410
Event: 8.230 Thread 0x000001747d183af0 flushing  nmethod 0x00000174037f2b10
Event: 8.230 Thread 0x000001747d183af0 flushing  nmethod 0x00000174037f5010
Event: 8.230 Thread 0x000001747d183af0 flushing  nmethod 0x0000017403813410

Events (20 events):
Event: 31.665 Thread 0x000001747d19d8d0 Thread added: 0x000001745faa8940
Event: 31.806 Thread 0x000001747d19d8d0 Thread added: 0x0000017462077d20
Event: 33.330 Thread 0x0000017462077d20 Thread exited: 0x0000017462077d20
Event: 34.509 Thread 0x000001745faa8940 Thread exited: 0x000001745faa8940
Event: 40.037 Thread 0x000001747d19d8d0 Thread added: 0x00000174620761e0
Event: 40.534 Thread 0x00000174620761e0 Thread exited: 0x00000174620761e0
Event: 53.974 Thread 0x000001747d19d8d0 Thread added: 0x00000174620768b0
Event: 54.204 Thread 0x000001747d19d8d0 Thread added: 0x0000017462079190
Event: 55.571 Thread 0x000001745f224b20 Thread added: 0x0000017460ef1050
Event: 56.650 Thread 0x0000017462079190 Thread exited: 0x0000017462079190
Event: 57.078 Thread 0x0000017460ef1050 Thread added: 0x00000174624e0e60
Event: 58.235 Thread 0x00000174620768b0 Thread exited: 0x00000174620768b0
Event: 74.254 Thread 0x000001747d19d8d0 Thread added: 0x0000017462078ac0
Event: 74.269 Thread 0x000001747d19d8d0 Thread added: 0x00000174620761e0
Event: 74.286 Thread 0x000001745f2251b0 Thread added: 0x00000174624e35c0
Event: 74.286 Thread 0x00000174624e35c0 Thread added: 0x00000174624e42e0
Event: 74.287 Thread 0x00000174624e42e0 Thread added: 0x00000174624e2210
Event: 74.287 Thread 0x00000174624e2210 Thread added: 0x00000174624e4970
Event: 74.287 Thread 0x00000174624e4970 Thread added: 0x00000174624e28a0
Event: 74.364 Thread 0x00000174624e28a0 Thread added: 0x00000174624e5000


Dynamic libraries:
0x00007ff7fa180000 - 0x00007ff7fa18e000 	c:\Users\ADMIN\.antigravity\extensions\redhat.java-1.53.0-win32-x64\jre\21.0.10-win32-x86_64\bin\java.exe
0x00007ffd9a400000 - 0x00007ffd9a667000 	C:\WINDOWS\SYSTEM32\ntdll.dll
0x00007ffd99710000 - 0x00007ffd997d9000 	C:\WINDOWS\System32\KERNEL32.DLL
0x00007ffd97130000 - 0x00007ffd97521000 	C:\WINDOWS\System32\KERNELBASE.dll
0x00007ffd98050000 - 0x00007ffd9819b000 	C:\WINDOWS\System32\ucrtbase.dll
0x00007ffd489b0000 - 0x00007ffd489ce000 	c:\Users\ADMIN\.antigravity\extensions\redhat.java-1.53.0-win32-x64\jre\21.0.10-win32-x86_64\bin\VCRUNTIME140.dll
0x00007ffd488c0000 - 0x00007ffd488d8000 	c:\Users\ADMIN\.antigravity\extensions\redhat.java-1.53.0-win32-x64\jre\21.0.10-win32-x86_64\bin\jli.dll
0x00007ffd981a0000 - 0x00007ffd98365000 	C:\WINDOWS\System32\USER32.dll
0x00007ffd78710000 - 0x00007ffd789a3000 	C:\WINDOWS\WinSxS\amd64_microsoft.windows.common-controls_6595b64144ccf1df_6.0.26100.8037_none_3e092faae333b53b\COMCTL32.dll
0x00007ffd97f60000 - 0x00007ffd97f87000 	C:\WINDOWS\System32\win32u.dll
0x00007ffd998a0000 - 0x00007ffd99949000 	C:\WINDOWS\System32\msvcrt.dll
0x00007ffd99860000 - 0x00007ffd9988b000 	C:\WINDOWS\System32\GDI32.dll
0x00007ffd97da0000 - 0x00007ffd97ecb000 	C:\WINDOWS\System32\gdi32full.dll
0x00007ffd96ce0000 - 0x00007ffd96d83000 	C:\WINDOWS\System32\msvcp_win.dll
0x00007ffd999d0000 - 0x00007ffd99a01000 	C:\WINDOWS\System32\IMM32.DLL
0x00007ffd88c80000 - 0x00007ffd88c8c000 	c:\Users\ADMIN\.antigravity\extensions\redhat.java-1.53.0-win32-x64\jre\21.0.10-win32-x86_64\bin\vcruntime140_1.dll
0x00007ffd328c0000 - 0x00007ffd3294d000 	c:\Users\ADMIN\.antigravity\extensions\redhat.java-1.53.0-win32-x64\jre\21.0.10-win32-x86_64\bin\msvcp140.dll
0x00007ffc8fe70000 - 0x00007ffc90c11000 	c:\Users\ADMIN\.antigravity\extensions\redhat.java-1.53.0-win32-x64\jre\21.0.10-win32-x86_64\bin\server\jvm.dll
0x00007ffd98e00000 - 0x00007ffd98ebb000 	C:\WINDOWS\System32\ADVAPI32.dll
0x00007ffd985e0000 - 0x00007ffd98687000 	C:\WINDOWS\System32\sechost.dll
0x00007ffd9a150000 - 0x00007ffd9a268000 	C:\WINDOWS\System32\RPCRT4.dll
0x00007ffd997e0000 - 0x00007ffd99854000 	C:\WINDOWS\System32\WS2_32.dll
0x00007ffd96b40000 - 0x00007ffd96b9e000 	C:\WINDOWS\SYSTEM32\POWRPROF.dll
0x00007ffd81fb0000 - 0x00007ffd81fe5000 	C:\WINDOWS\SYSTEM32\WINMM.dll
0x00007ffd8c4a0000 - 0x00007ffd8c4ab000 	C:\WINDOWS\SYSTEM32\VERSION.dll
0x00007ffd96b20000 - 0x00007ffd96b34000 	C:\WINDOWS\SYSTEM32\UMPDC.dll
0x00007ffd95a50000 - 0x00007ffd95a6b000 	C:\WINDOWS\SYSTEM32\kernel.appcore.dll
0x00007ffd87cc0000 - 0x00007ffd87cca000 	c:\Users\ADMIN\.antigravity\extensions\redhat.java-1.53.0-win32-x64\jre\21.0.10-win32-x86_64\bin\jimage.dll
0x00007ffd94920000 - 0x00007ffd94b62000 	C:\WINDOWS\SYSTEM32\DBGHELP.DLL
0x00007ffd99380000 - 0x00007ffd99702000 	C:\WINDOWS\System32\combase.dll
0x00007ffd98f10000 - 0x00007ffd98fe7000 	C:\WINDOWS\System32\OLEAUT32.dll
0x00007ffd761d0000 - 0x00007ffd7620b000 	C:\WINDOWS\SYSTEM32\dbgcore.DLL
0x00007ffd97080000 - 0x00007ffd97125000 	C:\WINDOWS\System32\bcryptPrimitives.dll
0x00007ffd50940000 - 0x00007ffd5094f000 	c:\Users\ADMIN\.antigravity\extensions\redhat.java-1.53.0-win32-x64\jre\21.0.10-win32-x86_64\bin\instrument.dll
0x00007ffd488a0000 - 0x00007ffd488c0000 	c:\Users\ADMIN\.antigravity\extensions\redhat.java-1.53.0-win32-x64\jre\21.0.10-win32-x86_64\bin\java.dll
0x00007ffd98690000 - 0x00007ffd98def000 	C:\WINDOWS\System32\SHELL32.dll
0x00007ffd96f10000 - 0x00007ffd9707a000 	C:\WINDOWS\System32\wintypes.dll
0x00007ffd97530000 - 0x00007ffd97d94000 	C:\WINDOWS\System32\windows.storage.dll
0x00007ffd9a050000 - 0x00007ffd9a147000 	C:\WINDOWS\System32\SHCORE.dll
0x00007ffd99960000 - 0x00007ffd999c7000 	C:\WINDOWS\System32\shlwapi.dll
0x00007ffd96c00000 - 0x00007ffd96c29000 	C:\WINDOWS\SYSTEM32\profapi.dll
0x00007ffd486f0000 - 0x00007ffd48708000 	c:\Users\ADMIN\.antigravity\extensions\redhat.java-1.53.0-win32-x64\jre\21.0.10-win32-x86_64\bin\zip.dll
0x00007ffd50820000 - 0x00007ffd50830000 	C:\Users\ADMIN\.antigravity\extensions\redhat.java-1.53.0-win32-x64\jre\21.0.10-win32-x86_64\bin\net.dll
0x00007ffd86750000 - 0x00007ffd86877000 	C:\WINDOWS\SYSTEM32\WINHTTP.dll
0x00007ffd95fe0000 - 0x00007ffd9604b000 	C:\WINDOWS\system32\mswsock.dll
0x00007ffd486d0000 - 0x00007ffd486e6000 	C:\Users\ADMIN\.antigravity\extensions\redhat.java-1.53.0-win32-x64\jre\21.0.10-win32-x86_64\bin\nio.dll
0x00007ffd48890000 - 0x00007ffd488a0000 	c:\Users\ADMIN\.antigravity\extensions\redhat.java-1.53.0-win32-x64\jre\21.0.10-win32-x86_64\bin\verify.dll
0x00007ffd8aa00000 - 0x00007ffd8aa45000 	C:\Users\ADMIN\AppData\Roaming\Antigravity\User\globalStorage\redhat.java\1.53.0\config_win\org.eclipse.equinox.launcher\org.eclipse.equinox.launcher.win32.win32.x86_64_1.3.0.v20260203-2149\eclipse_11919.dll
0x00007ffd99a20000 - 0x00007ffd99bb5000 	C:\WINDOWS\System32\ole32.dll
0x00007ffd962c0000 - 0x00007ffd962db000 	C:\WINDOWS\SYSTEM32\CRYPTSP.dll
0x00007ffd959b0000 - 0x00007ffd959e9000 	C:\WINDOWS\system32\rsaenh.dll
0x00007ffd96090000 - 0x00007ffd960c2000 	C:\WINDOWS\SYSTEM32\USERENV.dll
0x00007ffd96bd0000 - 0x00007ffd96bfa000 	C:\WINDOWS\SYSTEM32\bcrypt.dll
0x00007ffd962e0000 - 0x00007ffd962ec000 	C:\WINDOWS\SYSTEM32\CRYPTBASE.dll
0x00007ffd95430000 - 0x00007ffd95463000 	C:\WINDOWS\SYSTEM32\IPHLPAPI.DLL
0x00007ffd99890000 - 0x00007ffd9989a000 	C:\WINDOWS\System32\NSI.dll
0x00007ffd81410000 - 0x00007ffd81459000 	C:\Users\ADMIN\AppData\Local\Temp\jna-62130991\jna11218008161156568263.dll
0x00007ffd99a10000 - 0x00007ffd99a18000 	C:\WINDOWS\System32\PSAPI.DLL
0x00007ffd89ef0000 - 0x00007ffd89f0d000 	C:\WINDOWS\SYSTEM32\dhcpcsvc6.DLL
0x00007ffd89ec0000 - 0x00007ffd89ee3000 	C:\WINDOWS\SYSTEM32\dhcpcsvc.DLL

JVMTI agents:
c:\Users\ADMIN\.antigravity\extensions\redhat.java-1.53.0-win32-x64\lombok\lombok-1.18.39-4050.jar path:c:\Users\ADMIN\.antigravity\extensions\redhat.java-1.53.0-win32-x64\jre\21.0.10-win32-x86_64\bin\instrument.dll, loaded, initialized, instrumentlib options:none

dbghelp: loaded successfully - version: 4.0.5 - missing functions: none
symbol engine: initialized successfully - sym options: 0x614 - pdb path: .;c:\Users\ADMIN\.antigravity\extensions\redhat.java-1.53.0-win32-x64\jre\21.0.10-win32-x86_64\bin;C:\WINDOWS\SYSTEM32;C:\WINDOWS\WinSxS\amd64_microsoft.windows.common-controls_6595b64144ccf1df_6.0.26100.8037_none_3e092faae333b53b;c:\Users\ADMIN\.antigravity\extensions\redhat.java-1.53.0-win32-x64\jre\21.0.10-win32-x86_64\bin\server;C:\Users\ADMIN\AppData\Roaming\Antigravity\User\globalStorage\redhat.java\1.53.0\config_win\org.eclipse.equinox.launcher\org.eclipse.equinox.launcher.win32.win32.x86_64_1.3.0.v20260203-2149;C:\Users\ADMIN\AppData\Local\Temp\jna-62130991

VM Arguments:
jvm_args: --add-modules=ALL-SYSTEM --add-opens=java.base/java.util=ALL-UNNAMED --add-opens=java.base/java.lang=ALL-UNNAMED --add-opens=java.base/sun.nio.fs=ALL-UNNAMED -Declipse.application=org.eclipse.jdt.ls.core.id1 -Dosgi.bundles.defaultStartLevel=4 -Declipse.product=org.eclipse.jdt.ls.core.product -Djava.import.generatesMetadataFilesAtProjectRoot=false -DDetectVMInstallationsJob.disabled=true -Dfile.encoding=utf8 -XX:+UseParallelGC -XX:GCTimeRatio=4 -XX:AdaptiveSizePolicyWeight=90 -Dsun.zip.disableMemoryMapping=true -Xmx2G -Xms100m -Xlog:disable -javaagent:c:\Users\ADMIN\.antigravity\extensions\redhat.java-1.53.0-win32-x64\lombok\lombok-1.18.39-4050.jar -XX:+HeapDumpOnOutOfMemoryError -XX:HeapDumpPath=c:\Users\ADMIN\AppData\Roaming\Antigravity\User\workspaceStorage\7b5cf598d06b95d2550fd4599cb431eb\redhat.java -Daether.dependencyCollector.impl=bf 
java_command: c:\Users\ADMIN\.antigravity\extensions\redhat.java-1.53.0-win32-x64\server\plugins\org.eclipse.equinox.launcher_1.7.100.v20251111-0406.jar -configuration c:\Users\ADMIN\AppData\Roaming\Antigravity\User\globalStorage\redhat.java\1.53.0\config_win -data c:\Users\ADMIN\AppData\Roaming\Antigravity\User\workspaceStorage\7b5cf598d06b95d2550fd4599cb431eb\redhat.java\jdt_ws --pipe=\\.\pipe\lsp-5af8df25fba50a25a948d2c708c18d19-sock
java_class_path (initial): c:\Users\ADMIN\.antigravity\extensions\redhat.java-1.53.0-win32-x64\server\plugins\org.eclipse.equinox.launcher_1.7.100.v20251111-0406.jar
Launcher Type: SUN_STANDARD

[Global flags]
    uintx AdaptiveSizePolicyWeight                 = 90                                        {product} {command line}
     intx CICompilerCount                          = 4                                         {product} {ergonomic}
    uintx GCTimeRatio                              = 4                                         {product} {command line}
     bool HeapDumpOnOutOfMemoryError               = true                                   {manageable} {command line}
    ccstr HeapDumpPath                             = c:\Users\ADMIN\AppData\Roaming\Antigravity\User\workspaceStorage\7b5cf598d06b95d2550fd4599cb431eb\redhat.java         {manageable} {command line}
   size_t InitialHeapSize                          = 104857600                                 {product} {command line}
   size_t MaxHeapSize                              = 2147483648                                {product} {command line}
   size_t MaxNewSize                               = 715653120                                 {product} {ergonomic}
   size_t MinHeapDeltaBytes                        = 524288                                    {product} {ergonomic}
   size_t MinHeapSize                              = 104857600                                 {product} {command line}
   size_t NewSize                                  = 34603008                                  {product} {ergonomic}
    uintx NonNMethodCodeHeapSize                   = 5839372                                {pd product} {ergonomic}
    uintx NonProfiledCodeHeapSize                  = 122909434                              {pd product} {ergonomic}
   size_t OldSize                                  = 70254592                                  {product} {ergonomic}
    uintx ProfiledCodeHeapSize                     = 122909434                              {pd product} {ergonomic}
    uintx ReservedCodeCacheSize                    = 251658240                              {pd product} {ergonomic}
     bool SegmentedCodeCache                       = true                                      {product} {ergonomic}
   size_t SoftMaxHeapSize                          = 2147483648                             {manageable} {ergonomic}
     bool UseCompressedOops                        = true                           {product lp64_product} {ergonomic}
     bool UseLargePagesIndividualAllocation        = false                                  {pd product} {ergonomic}
     bool UseParallelGC                            = true                                      {product} {command line}

Logging:
Log output configuration:
 #0: stdout all=off uptime,level,tags foldmultilines=false
 #1: stderr all=off uptime,level,tags foldmultilines=false

Release file:
JAVA_VERSION="21.0.10" 
MODULES="java.base java.compiler java.datatransfer java.xml java.prefs java.desktop java.instrument java.logging java.management java.security.sasl java.naming java.rmi java.management.rmi java.net.http java.scripting java.security.jgss java.transaction.xa java.sql java.sql.rowset java.xml.crypto java.se java.smartcardio jdk.accessibility jdk.internal.jvmstat jdk.attach jdk.charsets jdk.internal.opt jdk.zipfs jdk.compiler jdk.crypto.ec jdk.crypto.cryptoki jdk.crypto.mscapi jdk.dynalink jdk.internal.ed jdk.editpad jdk.hotspot.agent jdk.httpserver jdk.internal.le jdk.internal.vm.ci jdk.internal.vm.compiler jdk.internal.vm.compiler.management jdk.jartool jdk.javadoc jdk.jcmd jdk.management jdk.management.agent jdk.jconsole jdk.jdeps jdk.jdwp.agent jdk.jdi jdk.jfr jdk.jshell jdk.jsobject jdk.jstatd jdk.localedata jdk.management.jfr jdk.naming.dns jdk.naming.rmi jdk.net jdk.nio.mapmode jdk.random jdk.sctp jdk.security.auth jdk.security.jgss jdk.unsupported jdk.unsupported.desktop jdk.xml.dom" 

Environment Variables:
JAVA_HOME=C:\Program Files\Java\jdk-17
PATH=C:\Users\ADMIN\AppData\Local\Programs\Python\Python313\Scripts\;C:\Users\ADMIN\AppData\Local\Programs\Python\Python313\;C:\Program Files\Java\jdk-17\bin;C:\Program Files\Microsoft MPI\Bin\;C:\Program Files\Common Files\Oracle\Java\javapath;C:\Program Files (x86)\Common Files\Oracle\Java\javapath;C:\ProgramData\Oracle\Java\javapath;C:\Windows\system32;C:\Windows;C:\Windows\System32\Wbem;C:\Windows\System32\WindowsPowerShell\v1.0\;C:\Windows\System32\OpenSSH\;C:\Program Files (x86)\NVIDIA Corporation\PhysX\Common;C:\Program Files\NVIDIA Corporation\NVIDIA NvDLISR;C:\Program Files\Java\jdk-17;C:\WINDOWS\system32;C:\WINDOWS;C:\WINDOWS\System32\Wbem;C:\WINDOWS\System32\WindowsPowerShell\v1.0\;C:\WINDOWS\System32\OpenSSH\;C:\Program Files (x86)\Microsoft SQL Server\160\Tools\Binn\;C:\Program Files\Microsoft SQL Server\160\Tools\Binn\;C:\Program Files\Microsoft SQL Server\Client SDK\ODBC\170\Tools\Binn\;C:\Program Files\Microsoft SQL Server\160\DTS\Binn\;C:\Program Files (x86)\Microsoft SQL Server\140\Tools\Binn\;C:\Program Files\Microsoft SQL Server\140\Tools\Binn\;C:\Program Files (x86)\Microsoft SQL Server\140\DTS\Binn\;C:\Program Files\Microsoft SQL Server\140\DTS\Binn\;C:\Program Files\Microsoft SQL Server\Client SDK\ODBC\130\Tools\Binn\;C:\Program Files (x86)\Microsoft SQL Server\Client SDK\ODBC\130\Tools\Binn\;C:\Program Files (x86)\Microsoft SQL Server\140\Tools\Binn\ManagementStudio\;C:\Program Files\nodejs\;C:\Program Files (x86)\ZeroTier\One\;C:\DATN\google-cloud-sdk\bin;C:\ProgramData\chocolatey\bin;C:\Program Files\Git\cmd;C:\Program Files\Go\bin;C:\Program Files\Cloudflare\Cloudflare WARP\;C:\Program Files\Docker\Docker\resources\bin;C:\Users\ADMIN\AppData\Local\Programs\Python\Launcher\;C:\Program Files\MySQL\MySQL Shell 8.0\bin\;C:\Users\ADMIN\AppData\Local\Microsoft\WindowsApps;C:\WEBSITE\apache-maven-3.9.9\bin;;C:\Program Files\JetBrains\IntelliJ IDEA 2024.2.2\bin;;C:\Users\ADMIN\AppData\Local\Programs\Microsoft VS Code\bin;C:\Users\ADMIN\AppData\Roaming\npm;C:\Users\ADMIN\AppData\Local\Programs\Antigravity\bin;C:\Users\ADMIN\AppData\Local\Programs\Kiro\bin;C:\Users\ADMIN\go\bin
USERNAME=ADMIN
OS=Windows_NT
PROCESSOR_IDENTIFIER=Intel64 Family 6 Model 141 Stepping 1, GenuineIntel
TMP=C:\Users\ADMIN\AppData\Local\Temp
TEMP=C:\Users\ADMIN\AppData\Local\Temp




Periodic native trim disabled

---------------  S Y S T E M  ---------------

OS:
 Windows 11 , 64 bit Build 26100 (10.0.26100.7920)
OS uptime: 0 days 17:18 hours
Hyper-V role detected

CPU: total 12 (initial active 12) (6 cores per cpu, 2 threads per core) family 6 model 141 stepping 1 microcode 0x3c, cx8, cmov, fxsr, ht, mmx, 3dnowpref, sse, sse2, sse3, ssse3, sse4.1, sse4.2, popcnt, lzcnt, tsc, tscinvbit, avx, avx2, aes, erms, clmul, bmi1, bmi2, adx, avx512f, avx512dq, avx512cd, avx512bw, avx512vl, sha, fma, vzeroupper, avx512_vpopcntdq, avx512_vpclmulqdq, avx512_vaes, avx512_vnni, clflush, clflushopt, clwb, avx512_vbmi2, avx512_vbmi, hv, rdtscp, rdpid, fsrm, gfni, avx512_bitalg, f16c, cet_ibt, cet_ss, avx512_ifma
Processor Information for the first 12 processors :
  Max Mhz: 2688, Current Mhz: 2688, Mhz Limit: 2688

Memory: 4k page, system-wide physical 7971M (895M free)
TotalPageFile size 19632M (AvailPageFile size 15M)
current process WorkingSet (physical memory assigned to process): 1311M, peak: 1358M
current process commit charge ("private bytes"): 1370M, peak: 1371M

vm_info: OpenJDK 64-Bit Server VM (21.0.10+7-LTS) for windows-amd64 JRE (21.0.10+7-LTS), built on 2026-01-20T00:00:00Z by "admin" with MS VC++ 17.12 (VS2022)

END.
