#
# There is insufficient memory for the Java Runtime Environment to continue.
# Native memory allocation (malloc) failed to allocate 2462960 bytes. Error detail: Chunk::new
# Possible reasons:
#   The system is out of physical RAM or swap space
#   This process is running with CompressedOops enabled, and the Java Heap may be blocking the growth of the native heap
# Possible solutions:
#   Reduce memory load on the system
#   Increase physical memory or swap space
#   Check if swap backing store is full
#   Decrease Java heap size (-Xmx/-Xms)
#   Decrease number of Java threads
#   Decrease Java thread stack sizes (-Xss)
#   Set larger code cache with -XX:ReservedCodeCacheSize=
#   JVM is running with Unscaled Compressed Oops mode in which the Java heap is
#     placed in the first 4GB address space. The Java Heap base address is the
#     maximum limit for the native heap growth. Please use -XX:HeapBaseMinAddress
#     to set the Java Heap base and to place the Java Heap above 4GB virtual address.
# This output file may be truncated or incomplete.
#
#  Out of Memory Error (arena.cpp:168), pid=16812, tid=15416
#
# JRE version: OpenJDK Runtime Environment Temurin-21.0.10+7 (21.0.10+7) (build 21.0.10+7-LTS)
# Java VM: OpenJDK 64-Bit Server VM Temurin-21.0.10+7 (21.0.10+7-LTS, mixed mode, sharing, tiered, compressed oops, compressed class ptrs, parallel gc, windows-amd64)
# No core dump will be written. Minidumps are not enabled by default on client versions of Windows
#

---------------  S U M M A R Y ------------

Command Line: --add-modules=ALL-SYSTEM --add-opens=java.base/java.util=ALL-UNNAMED --add-opens=java.base/java.lang=ALL-UNNAMED --add-opens=java.base/sun.nio.fs=ALL-UNNAMED -Declipse.application=org.eclipse.jdt.ls.core.id1 -Dosgi.bundles.defaultStartLevel=4 -Declipse.product=org.eclipse.jdt.ls.core.product -Djava.import.generatesMetadataFilesAtProjectRoot=false -DDetectVMInstallationsJob.disabled=true -Dfile.encoding=utf8 -XX:+UseParallelGC -XX:GCTimeRatio=4 -XX:AdaptiveSizePolicyWeight=90 -Dsun.zip.disableMemoryMapping=true -Xmx2G -Xms100m -Xlog:disable -javaagent:c:\Users\ADMIN\.antigravity\extensions\redhat.java-1.53.0-win32-x64\lombok\lombok-1.18.39-4050.jar -XX:+HeapDumpOnOutOfMemoryError -XX:HeapDumpPath=c:\Users\ADMIN\AppData\Roaming\Antigravity\User\workspaceStorage\7b5cf598d06b95d2550fd4599cb431eb\redhat.java -Daether.dependencyCollector.impl=bf c:\Users\ADMIN\.antigravity\extensions\redhat.java-1.53.0-win32-x64\server\plugins\org.eclipse.equinox.launcher_1.7.100.v20251111-0406.jar -configuration c:\Users\ADMIN\AppData\Roaming\Antigravity\User\globalStorage\redhat.java\1.53.0\config_win -data c:\Users\ADMIN\AppData\Roaming\Antigravity\User\workspaceStorage\7b5cf598d06b95d2550fd4599cb431eb\redhat.java\jdt_ws --pipe=\\.\pipe\lsp-8301e01d2678ddd69ab518685e277e0a-sock

Host: 11th Gen Intel(R) Core(TM) i5-11400H @ 2.70GHz, 12 cores, 7G,  Windows 11 , 64 bit Build 26100 (10.0.26100.7920)
Time: Mon Mar 30 08:40:52 2026 SE Asia Standard Time elapsed time: 250.478197 seconds (0d 0h 4m 10s)

---------------  T H R E A D  ---------------

Current thread (0x0000022de86b0820):  JavaThread "C2 CompilerThread0" daemon [_thread_in_native, id=15416, stack(0x000000c4c8900000,0x000000c4c8a00000) (1024K)]


Current CompileTask:
C2:250478 11230   !   4       org.eclipse.jdt.internal.core.JarPackageFragmentRoot::computeChildren (606 bytes)

Stack: [0x000000c4c8900000,0x000000c4c8a00000]
Native frames: (J=compiled Java code, j=interpreted, Vv=VM code, C=native code)
V  [jvm.dll+0x6d7a39]
V  [jvm.dll+0x8b4b26]
V  [jvm.dll+0x8b70de]
V  [jvm.dll+0x8b77c3]
V  [jvm.dll+0x284346]
V  [jvm.dll+0xc66ed]
V  [jvm.dll+0xc6c31]
V  [jvm.dll+0x3bec3b]
V  [jvm.dll+0x1e3f69]
V  [jvm.dll+0x24c6b3]
V  [jvm.dll+0x24bb40]
V  [jvm.dll+0x1cb34e]
V  [jvm.dll+0x25b85d]
V  [jvm.dll+0x259dea]
V  [jvm.dll+0x3f857e]
V  [jvm.dll+0x85f59d]
V  [jvm.dll+0x6d626d]
C  [ucrtbase.dll+0x37b0]
C  [KERNEL32.DLL+0x2e8d7]
C  [ntdll.dll+0x8c48c]


---------------  P R O C E S S  ---------------

Threads class SMR info:
_java_thread_list=0x0000022df2563970, length=46, elements={
0x0000022dd0992150, 0x0000022dd093d220, 0x0000022dd0a37570, 0x0000022dd0a3bb30,
0x0000022dd0a3c590, 0x0000022dd0a3cff0, 0x0000022dd0a3da50, 0x0000022de86b0820,
0x0000022de86d1cd0, 0x0000022de88aa5f0, 0x0000022de8a19060, 0x0000022de9ccd3e0,
0x0000022de89fd850, 0x0000022de8728250, 0x0000022de88db330, 0x0000022dee5ab4b0,
0x0000022dee75d530, 0x0000022de978a9e0, 0x0000022dee26f1e0, 0x0000022dee26ca80,
0x0000022dee26eb50, 0x0000022dee26e4c0, 0x0000022dee26c3f0, 0x0000022dee26d110,
0x0000022defb96020, 0x0000022defb980f0, 0x0000022defb994a0, 0x0000022defb96d40,
0x0000022defb99b30, 0x0000022defb97a60, 0x0000022defb98780, 0x0000022defb98e10,
0x0000022defb966b0, 0x0000022defb9a1c0, 0x0000022defb973d0, 0x0000022defb9b570,
0x0000022defb9d640, 0x0000022defb9bc00, 0x0000022defb9a850, 0x0000022defb9aee0,
0x0000022defb9c290, 0x0000022defb9cfb0, 0x0000022df08588d0, 0x0000022df085d100,
0x0000022df0d62dd0, 0x0000022df0d604f0
}

Java Threads: ( => current thread )
  0x0000022dd0992150 JavaThread "main"                              [_thread_blocked, id=25772, stack(0x000000c4c7f00000,0x000000c4c8000000) (1024K)]
  0x0000022dd093d220 JavaThread "Reference Handler"          daemon [_thread_blocked, id=8524, stack(0x000000c4c8300000,0x000000c4c8400000) (1024K)]
  0x0000022dd0a37570 JavaThread "Finalizer"                  daemon [_thread_blocked, id=1144, stack(0x000000c4c8400000,0x000000c4c8500000) (1024K)]
  0x0000022dd0a3bb30 JavaThread "Signal Dispatcher"          daemon [_thread_blocked, id=15268, stack(0x000000c4c8500000,0x000000c4c8600000) (1024K)]
  0x0000022dd0a3c590 JavaThread "Attach Listener"            daemon [_thread_blocked, id=18836, stack(0x000000c4c8600000,0x000000c4c8700000) (1024K)]
  0x0000022dd0a3cff0 JavaThread "Service Thread"             daemon [_thread_blocked, id=24632, stack(0x000000c4c8700000,0x000000c4c8800000) (1024K)]
  0x0000022dd0a3da50 JavaThread "Monitor Deflation Thread"   daemon [_thread_blocked, id=12768, stack(0x000000c4c8800000,0x000000c4c8900000) (1024K)]
=>0x0000022de86b0820 JavaThread "C2 CompilerThread0"         daemon [_thread_in_native, id=15416, stack(0x000000c4c8900000,0x000000c4c8a00000) (1024K)]
  0x0000022de86d1cd0 JavaThread "C1 CompilerThread0"         daemon [_thread_blocked, id=12112, stack(0x000000c4c8a00000,0x000000c4c8b00000) (1024K)]
  0x0000022de88aa5f0 JavaThread "Common-Cleaner"             daemon [_thread_blocked, id=24264, stack(0x000000c4c8b00000,0x000000c4c8c00000) (1024K)]
  0x0000022de8a19060 JavaThread "Notification Thread"        daemon [_thread_blocked, id=19516, stack(0x000000c4c8d00000,0x000000c4c8e00000) (1024K)]
  0x0000022de9ccd3e0 JavaThread "Active Thread: Equinox Container: 68484bbf-fded-4635-bcd9-df964e1641d4"        [_thread_blocked, id=15240, stack(0x000000c4c8c00000,0x000000c4c8d00000) (1024K)]
  0x0000022de89fd850 JavaThread "Refresh Thread: Equinox Container: 68484bbf-fded-4635-bcd9-df964e1641d4" daemon [_thread_blocked, id=6928, stack(0x000000c4c9500000,0x000000c4c9600000) (1024K)]
  0x0000022de8728250 JavaThread "Framework Event Dispatcher: Equinox Container: 68484bbf-fded-4635-bcd9-df964e1641d4" daemon [_thread_blocked, id=19248, stack(0x000000c4c9600000,0x000000c4c9700000) (1024K)]
  0x0000022de88db330 JavaThread "Start Level: Equinox Container: 68484bbf-fded-4635-bcd9-df964e1641d4" daemon [_thread_blocked, id=21760, stack(0x000000c4c9700000,0x000000c4c9800000) (1024K)]
  0x0000022dee5ab4b0 JavaThread "Bundle File Closer"         daemon [_thread_blocked, id=24672, stack(0x000000c4c9800000,0x000000c4c9900000) (1024K)]
  0x0000022dee75d530 JavaThread "SCR Component Actor"        daemon [_thread_blocked, id=14800, stack(0x000000c4c9900000,0x000000c4c9a00000) (1024K)]
  0x0000022de978a9e0 JavaThread "Worker-JM"                         [_thread_blocked, id=7348, stack(0x000000c4c9e00000,0x000000c4c9f00000) (1024K)]
  0x0000022dee26f1e0 JavaThread "JNA Cleaner"                daemon [_thread_blocked, id=8396, stack(0x000000c4c9c00000,0x000000c4c9d00000) (1024K)]
  0x0000022dee26ca80 JavaThread "Worker-0"                          [_thread_blocked, id=22948, stack(0x000000c4c9d00000,0x000000c4c9e00000) (1024K)]
  0x0000022dee26eb50 JavaThread "Worker-1: Initialize Workspace"        [_thread_in_native, id=12772, stack(0x000000c4c9f00000,0x000000c4ca000000) (1024K)]
  0x0000022dee26e4c0 JavaThread "Worker-2"                          [_thread_blocked, id=20180, stack(0x000000c4ca000000,0x000000c4ca100000) (1024K)]
  0x0000022dee26c3f0 JavaThread "Java indexing"              daemon [_thread_in_Java, id=16600, stack(0x000000c4ca300000,0x000000c4ca400000) (1024K)]
  0x0000022dee26d110 JavaThread "Worker-3"                          [_thread_blocked, id=2396, stack(0x000000c4ca400000,0x000000c4ca500000) (1024K)]
  0x0000022defb96020 JavaThread "Worker-4"                          [_thread_blocked, id=12360, stack(0x000000c4ca700000,0x000000c4ca800000) (1024K)]
  0x0000022defb980f0 JavaThread "Worker-5: Java indexing... "        [_thread_blocked, id=20380, stack(0x000000c4ca800000,0x000000c4ca900000) (1024K)]
  0x0000022defb994a0 JavaThread "Thread-1"                   daemon [_thread_in_native, id=12940, stack(0x000000c4ca900000,0x000000c4caa00000) (1024K)]
  0x0000022defb96d40 JavaThread "Thread-2"                   daemon [_thread_in_native, id=7756, stack(0x000000c4caa00000,0x000000c4cab00000) (1024K)]
  0x0000022defb99b30 JavaThread "Thread-3"                   daemon [_thread_in_native, id=20396, stack(0x000000c4cab00000,0x000000c4cac00000) (1024K)]
  0x0000022defb97a60 JavaThread "Thread-4"                   daemon [_thread_in_native, id=16136, stack(0x000000c4cac00000,0x000000c4cad00000) (1024K)]
  0x0000022defb98780 JavaThread "Thread-5"                   daemon [_thread_in_native, id=16380, stack(0x000000c4cad00000,0x000000c4cae00000) (1024K)]
  0x0000022defb98e10 JavaThread "Thread-6"                   daemon [_thread_in_native, id=22440, stack(0x000000c4cae00000,0x000000c4caf00000) (1024K)]
  0x0000022defb966b0 JavaThread "Thread-7"                   daemon [_thread_in_native, id=6016, stack(0x000000c4caf00000,0x000000c4cb000000) (1024K)]
  0x0000022defb9a1c0 JavaThread "Thread-8"                   daemon [_thread_in_native, id=13512, stack(0x000000c4cb000000,0x000000c4cb100000) (1024K)]
  0x0000022defb973d0 JavaThread "Thread-9"                   daemon [_thread_in_native, id=22676, stack(0x000000c4cb100000,0x000000c4cb200000) (1024K)]
  0x0000022defb9b570 JavaThread "Thread-10"                  daemon [_thread_in_native, id=13104, stack(0x000000c4cb200000,0x000000c4cb300000) (1024K)]
  0x0000022defb9d640 JavaThread "Thread-11"                  daemon [_thread_in_native, id=1564, stack(0x000000c4cb300000,0x000000c4cb400000) (1024K)]
  0x0000022defb9bc00 JavaThread "Thread-12"                  daemon [_thread_in_native, id=19856, stack(0x000000c4cb400000,0x000000c4cb500000) (1024K)]
  0x0000022defb9a850 JavaThread "Thread-13"                  daemon [_thread_in_native, id=24896, stack(0x000000c4cb500000,0x000000c4cb600000) (1024K)]
  0x0000022defb9aee0 JavaThread "pool-2-thread-1"                   [_thread_blocked, id=12348, stack(0x000000c4cb600000,0x000000c4cb700000) (1024K)]
  0x0000022defb9c290 JavaThread "WorkspaceEventsHandler"            [_thread_blocked, id=12900, stack(0x000000c4ca100000,0x000000c4ca200000) (1024K)]
  0x0000022defb9cfb0 JavaThread "pool-1-thread-1"                   [_thread_blocked, id=22776, stack(0x000000c4ca200000,0x000000c4ca300000) (1024K)]
  0x0000022df08588d0 JavaThread "pool-3-thread-1"                   [_thread_blocked, id=19676, stack(0x000000c4cb700000,0x000000c4cb800000) (1024K)]
  0x0000022df085d100 JavaThread "ForkJoinPool.commonPool-worker-1" daemon [_thread_blocked, id=3248, stack(0x000000c4c7c00000,0x000000c4c7d00000) (1024K)]
  0x0000022df0d62dd0 JavaThread "C2 CompilerThread1"         daemon [_thread_in_native, id=17260, stack(0x000000c4c7d00000,0x000000c4c7e00000) (1024K)]
  0x0000022df0d604f0 JavaThread "C2 CompilerThread2"         daemon [_thread_in_native, id=14672, stack(0x000000c4c7e00000,0x000000c4c7f00000) (1024K)]
Total: 46

Other Threads:
  0x0000022dd0a33a80 VMThread "VM Thread"                           [id=23192, stack(0x000000c4c8200000,0x000000c4c8300000) (1024K)]
  0x0000022dd09fff70 WatcherThread "VM Periodic Task Thread"        [id=25260, stack(0x000000c4c8100000,0x000000c4c8200000) (1024K)]
  0x0000022dd09b05d0 WorkerThread "GC Thread#0"                     [id=840, stack(0x000000c4c8000000,0x000000c4c8100000) (1024K)]
  0x0000022de9e23310 WorkerThread "GC Thread#1"                     [id=17672, stack(0x000000c4c8e00000,0x000000c4c8f00000) (1024K)]
  0x0000022de98bc630 WorkerThread "GC Thread#2"                     [id=6392, stack(0x000000c4c8f00000,0x000000c4c9000000) (1024K)]
  0x0000022de9a65610 WorkerThread "GC Thread#3"                     [id=24312, stack(0x000000c4c9000000,0x000000c4c9100000) (1024K)]
  0x0000022de9a659c0 WorkerThread "GC Thread#4"                     [id=7336, stack(0x000000c4c9100000,0x000000c4c9200000) (1024K)]
  0x0000022de99dd550 WorkerThread "GC Thread#5"                     [id=12016, stack(0x000000c4c9200000,0x000000c4c9300000) (1024K)]
  0x0000022de99dd900 WorkerThread "GC Thread#6"                     [id=12192, stack(0x000000c4c9300000,0x000000c4c9400000) (1024K)]
  0x0000022de9d2d430 WorkerThread "GC Thread#7"                     [id=11856, stack(0x000000c4c9400000,0x000000c4c9500000) (1024K)]
  0x0000022dee26b960 WorkerThread "GC Thread#8"                     [id=10176, stack(0x000000c4c9a00000,0x000000c4c9b00000) (1024K)]
  0x0000022de8a43470 WorkerThread "GC Thread#9"                     [id=23760, stack(0x000000c4c9b00000,0x000000c4c9c00000) (1024K)]
Total: 12

Threads with active compile tasks:
C2 CompilerThread0  250509 11230   !   4       org.eclipse.jdt.internal.core.JarPackageFragmentRoot::computeChildren (606 bytes)
C2 CompilerThread1  250509 11387       4       java.lang.reflect.Field::set (43 bytes)
C2 CompilerThread2  250509 11600       4       org.eclipse.core.internal.resources.Project::internalGetDescription (21 bytes)
Total: 3

VM state: not at safepoint (normal execution)

VM Mutex/Monitor currently owned by a thread: None

Heap address: 0x0000000080000000, size: 2048 MB, Compressed Oops mode: 32-bit

CDS archive(s) mapped at: [0x0000022d80000000-0x0000022d80ba0000-0x0000022d80ba0000), size 12189696, SharedBaseAddress: 0x0000022d80000000, ArchiveRelocationMode: 1.
Compressed class space mapped at: 0x0000022d81000000-0x0000022dc1000000, reserved size: 1073741824
Narrow klass base: 0x0000022d80000000, Narrow klass shift: 0, Narrow klass range: 0x100000000

GC Precious Log:
 CardTable entry size: 512
 CPUs: 12 total, 12 available
 Memory: 7971M
 Large Page Support: Disabled
 NUMA Support: Disabled
 Compressed Oops: Enabled (32-bit)
 Alignments: Space 512K, Generation 512K, Heap 2M
 Heap Min Capacity: 100M
 Heap Initial Capacity: 100M
 Heap Max Capacity: 2G
 Pre-touch: Disabled
 Parallel Workers: 10

Heap:
 PSYoungGen      total 7168K, used 2669K [0x00000000d5580000, 0x00000000d5e80000, 0x0000000100000000)
  eden space 6656K, 35% used [0x00000000d5580000,0x00000000d57cb668,0x00000000d5c00000)
  from space 512K, 62% used [0x00000000d5e00000,0x00000000d5e50000,0x00000000d5e80000)
  to   space 512K, 0% used [0x00000000d5d80000,0x00000000d5d80000,0x00000000d5e00000)
 ParOldGen       total 1056256K, used 1055850K [0x0000000080000000, 0x00000000c0780000, 0x00000000d5580000)
  object space 1056256K, 99% used [0x0000000080000000,0x00000000c071aa90,0x00000000c0780000)
 Metaspace       used 63275K, committed 64576K, reserved 1114112K
  class space    used 6746K, committed 7360K, reserved 1048576K

Card table byte_map: [0x0000022dd0330000,0x0000022dd0740000] _byte_map_base: 0x0000022dcff30000

Marking Bits: (ParMarkBitMap*) 0x00007ffc90b33450
 Begin Bits: [0x0000022de2e40000, 0x0000022de4e40000)
 End Bits:   [0x0000022de4e40000, 0x0000022de6e40000)

Polling page: 0x0000022dce790000

Metaspace:

Usage:
  Non-class:     55.20 MB used.
      Class:      6.59 MB used.
       Both:     61.79 MB used.

Virtual space:
  Non-class space:       64.00 MB reserved,      55.88 MB ( 87%) committed,  1 nodes.
      Class space:        1.00 GB reserved,       7.19 MB ( <1%) committed,  1 nodes.
             Both:        1.06 GB reserved,      63.06 MB (  6%) committed. 

Chunk freelists:
   Non-Class:  7.53 MB
       Class:  8.79 MB
        Both:  16.32 MB

MaxMetaspaceSize: unlimited
CompressedClassSpaceSize: 1.00 GB
Initial GC threshold: 21.00 MB
Current GC threshold: 89.06 MB
CDS: on
 - commit_granule_bytes: 65536.
 - commit_granule_words: 8192.
 - virtual_space_node_default_size: 8388608.
 - enlarge_chunks_in_place: 1.
 - use_allocation_guard: 0.


Internal statistics:

num_allocs_failed_limit: 6.
num_arena_births: 1084.
num_arena_deaths: 14.
num_vsnodes_births: 2.
num_vsnodes_deaths: 0.
num_space_committed: 1009.
num_space_uncommitted: 0.
num_chunks_returned_to_freelist: 20.
num_chunks_taken_from_freelist: 3709.
num_chunk_merges: 9.
num_chunk_splits: 2333.
num_chunks_enlarged: 1406.
num_inconsistent_stats: 0.

CodeHeap 'non-profiled nmethods': size=120000Kb used=11791Kb max_used=11791Kb free=108208Kb
 bounds [0x0000022ddb660000, 0x0000022ddc1f0000, 0x0000022de2b90000]
CodeHeap 'profiled nmethods': size=120000Kb used=25722Kb max_used=25722Kb free=94277Kb
 bounds [0x0000022dd3b90000, 0x0000022dd54b0000, 0x0000022ddb0c0000]
CodeHeap 'non-nmethods': size=5760Kb used=1469Kb max_used=1542Kb free=4290Kb
 bounds [0x0000022ddb0c0000, 0x0000022ddb330000, 0x0000022ddb660000]
CodeCache: size=245760Kb, used=38982Kb, max_used=39055Kb, free=206775Kb
 total_blobs=11486, nmethods=10721, adapters=670, full_count=0
Compilation: enabled, stopped_count=0, restarted_count=0

Compilation events (20 events):
Event: 250.438 Thread 0x0000022de86d1cd0 nmethod 11582 0x0000022dd54a5d90 code [0x0000022dd54a6000, 0x0000022dd54a6768]
Event: 250.438 Thread 0x0000022de86d1cd0 11583       3       org.eclipse.core.internal.resources.Workspace::getRuleFactory (24 bytes)
Event: 250.439 Thread 0x0000022de86d1cd0 nmethod 11583 0x0000022dd54a6a90 code [0x0000022dd54a6c40, 0x0000022dd54a6e50]
Event: 250.448 Thread 0x0000022df0d62dd0 nmethod 11520 0x0000022ddc1d4090 code [0x0000022ddc1d4460, 0x0000022ddc1d65b0]
Event: 250.449 Thread 0x0000022df0d62dd0 11479       4       java.util.LinkedHashMap$LinkedKeyIterator::next (8 bytes)
Event: 250.450 Thread 0x0000022de86d1cd0 11584       1       org.eclipse.jdt.internal.launching.LibraryInfo::getVersion (5 bytes)
Event: 250.450 Thread 0x0000022de86d1cd0 nmethod 11584 0x0000022ddc1d7710 code [0x0000022ddc1d78a0, 0x0000022ddc1d7968]
Event: 250.450 Thread 0x0000022de86d1cd0 11585       3       org.eclipse.jdt.internal.launching.environments.AccessRuleParticipant::hashCode (8 bytes)
Event: 250.450 Thread 0x0000022de86d1cd0 nmethod 11585 0x0000022dd54a6f10 code [0x0000022dd54a70c0, 0x0000022dd54a7230]
Event: 250.450 Thread 0x0000022df0d62dd0 nmethod 11479 0x0000022ddc1d7a10 code [0x0000022ddc1d7ba0, 0x0000022ddc1d7cd0]
Event: 250.450 Thread 0x0000022de86d1cd0 11586       3       org.eclipse.jdt.internal.launching.environments.AccessRuleParticipant::getDelegateClassName (41 bytes)
Event: 250.450 Thread 0x0000022df0d62dd0 11392       4       java.lang.Boolean::equals (29 bytes)
Event: 250.450 Thread 0x0000022de86d1cd0 nmethod 11586 0x0000022dd54a7310 code [0x0000022dd54a75e0, 0x0000022dd54a8920]
Event: 250.451 Thread 0x0000022df0d62dd0 nmethod 11392 0x0000022ddc1d7e10 code [0x0000022ddc1d7fa0, 0x0000022ddc1d8068]
Event: 250.451 Thread 0x0000022df0d62dd0 11561       4       java.io.File::equals (28 bytes)
Event: 250.459 Thread 0x0000022df0d62dd0 nmethod 11561 0x0000022ddc1d8110 code [0x0000022ddc1d82c0, 0x0000022ddc1d8780]
Event: 250.459 Thread 0x0000022df0d62dd0 11570       4       java.lang.reflect.Method::invoke (108 bytes)
Event: 250.471 Thread 0x0000022de86d1cd0 11587       3       com.sun.org.apache.xerces.internal.util.XMLResourceIdentifierImpl::setValues (28 bytes)
Event: 250.471 Thread 0x0000022de86d1cd0 nmethod 11587 0x0000022dd54a8e90 code [0x0000022dd54a9020, 0x0000022dd54a9190]
Event: 250.472 Thread 0x0000022df0d604f0 nmethod 11335 0x0000022ddc1d8b10 code [0x0000022ddc1d8f40, 0x0000022ddc1db7f0]

GC Heap History (20 events):
Event: 250.264 GC heap after
{Heap after GC invocations=2151 (full 3):
 PSYoungGen      total 7680K, used 480K [0x00000000d5580000, 0x00000000d5e00000, 0x0000000100000000)
  eden space 6656K, 0% used [0x00000000d5580000,0x00000000d5580000,0x00000000d5c00000)
  from space 1024K, 46% used [0x00000000d5c00000,0x00000000d5c78000,0x00000000d5d00000)
  to   space 1024K, 0% used [0x00000000d5d00000,0x00000000d5d00000,0x00000000d5e00000)
 ParOldGen       total 1052672K, used 1052637K [0x0000000080000000, 0x00000000c0400000, 0x00000000d5580000)
  object space 1052672K, 99% used [0x0000000080000000,0x00000000c03f75b8,0x00000000c0400000)
 Metaspace       used 62846K, committed 64192K, reserved 1114112K
  class space    used 6708K, committed 7296K, reserved 1048576K
}
Event: 250.304 GC heap before
{Heap before GC invocations=2152 (full 3):
 PSYoungGen      total 7680K, used 7136K [0x00000000d5580000, 0x00000000d5e00000, 0x0000000100000000)
  eden space 6656K, 100% used [0x00000000d5580000,0x00000000d5c00000,0x00000000d5c00000)
  from space 1024K, 46% used [0x00000000d5c00000,0x00000000d5c78000,0x00000000d5d00000)
  to   space 1024K, 0% used [0x00000000d5d00000,0x00000000d5d00000,0x00000000d5e00000)
 ParOldGen       total 1052672K, used 1052637K [0x0000000080000000, 0x00000000c0400000, 0x00000000d5580000)
  object space 1052672K, 99% used [0x0000000080000000,0x00000000c03f75b8,0x00000000c0400000)
 Metaspace       used 62945K, committed 64256K, reserved 1114112K
  class space    used 6719K, committed 7296K, reserved 1048576K
}
Event: 250.307 GC heap after
{Heap after GC invocations=2152 (full 3):
 PSYoungGen      total 7168K, used 480K [0x00000000d5580000, 0x00000000d5d80000, 0x0000000100000000)
  eden space 6656K, 0% used [0x00000000d5580000,0x00000000d5580000,0x00000000d5c00000)
  from space 512K, 93% used [0x00000000d5d00000,0x00000000d5d78000,0x00000000d5d80000)
  to   space 512K, 0% used [0x00000000d5c80000,0x00000000d5c80000,0x00000000d5d00000)
 ParOldGen       total 1053184K, used 1052949K [0x0000000080000000, 0x00000000c0480000, 0x00000000d5580000)
  object space 1053184K, 99% used [0x0000000080000000,0x00000000c04455d8,0x00000000c0480000)
 Metaspace       used 62945K, committed 64256K, reserved 1114112K
  class space    used 6719K, committed 7296K, reserved 1048576K
}
Event: 250.330 GC heap before
{Heap before GC invocations=2153 (full 3):
 PSYoungGen      total 7168K, used 7136K [0x00000000d5580000, 0x00000000d5d80000, 0x0000000100000000)
  eden space 6656K, 100% used [0x00000000d5580000,0x00000000d5c00000,0x00000000d5c00000)
  from space 512K, 93% used [0x00000000d5d00000,0x00000000d5d78000,0x00000000d5d80000)
  to   space 512K, 0% used [0x00000000d5c80000,0x00000000d5c80000,0x00000000d5d00000)
 ParOldGen       total 1053184K, used 1052949K [0x0000000080000000, 0x00000000c0480000, 0x00000000d5580000)
  object space 1053184K, 99% used [0x0000000080000000,0x00000000c04455d8,0x00000000c0480000)
 Metaspace       used 62984K, committed 64320K, reserved 1114112K
  class space    used 6719K, committed 7296K, reserved 1048576K
}
Event: 250.333 GC heap after
{Heap after GC invocations=2153 (full 3):
 PSYoungGen      total 7168K, used 384K [0x00000000d5580000, 0x00000000d5d80000, 0x0000000100000000)
  eden space 6656K, 0% used [0x00000000d5580000,0x00000000d5580000,0x00000000d5c00000)
  from space 512K, 75% used [0x00000000d5c80000,0x00000000d5ce0000,0x00000000d5d00000)
  to   space 512K, 0% used [0x00000000d5d00000,0x00000000d5d00000,0x00000000d5d80000)
 ParOldGen       total 1053696K, used 1053248K [0x0000000080000000, 0x00000000c0500000, 0x00000000d5580000)
  object space 1053696K, 99% used [0x0000000080000000,0x00000000c0490110,0x00000000c0500000)
 Metaspace       used 62984K, committed 64320K, reserved 1114112K
  class space    used 6719K, committed 7296K, reserved 1048576K
}
Event: 250.361 GC heap before
{Heap before GC invocations=2154 (full 3):
 PSYoungGen      total 7168K, used 7025K [0x00000000d5580000, 0x00000000d5d80000, 0x0000000100000000)
  eden space 6656K, 99% used [0x00000000d5580000,0x00000000d5bfc4a0,0x00000000d5c00000)
  from space 512K, 75% used [0x00000000d5c80000,0x00000000d5ce0000,0x00000000d5d00000)
  to   space 512K, 0% used [0x00000000d5d00000,0x00000000d5d00000,0x00000000d5d80000)
 ParOldGen       total 1053696K, used 1053248K [0x0000000080000000, 0x00000000c0500000, 0x00000000d5580000)
  object space 1053696K, 99% used [0x0000000080000000,0x00000000c0490110,0x00000000c0500000)
 Metaspace       used 63116K, committed 64384K, reserved 1114112K
  class space    used 6735K, committed 7296K, reserved 1048576K
}
Event: 250.365 GC heap after
{Heap after GC invocations=2154 (full 3):
 PSYoungGen      total 6656K, used 480K [0x00000000d5580000, 0x00000000d5f00000, 0x0000000100000000)
  eden space 6144K, 0% used [0x00000000d5580000,0x00000000d5580000,0x00000000d5b80000)
  from space 512K, 93% used [0x00000000d5d00000,0x00000000d5d78010,0x00000000d5d80000)
  to   space 1536K, 0% used [0x00000000d5b80000,0x00000000d5b80000,0x00000000d5d00000)
 ParOldGen       total 1054208K, used 1053782K [0x0000000080000000, 0x00000000c0580000, 0x00000000d5580000)
  object space 1054208K, 99% used [0x0000000080000000,0x00000000c0515a88,0x00000000c0580000)
 Metaspace       used 63116K, committed 64384K, reserved 1114112K
  class space    used 6735K, committed 7296K, reserved 1048576K
}
Event: 250.409 GC heap before
{Heap before GC invocations=2155 (full 3):
 PSYoungGen      total 6656K, used 6624K [0x00000000d5580000, 0x00000000d5f00000, 0x0000000100000000)
  eden space 6144K, 100% used [0x00000000d5580000,0x00000000d5b80000,0x00000000d5b80000)
  from space 512K, 93% used [0x00000000d5d00000,0x00000000d5d78010,0x00000000d5d80000)
  to   space 1536K, 0% used [0x00000000d5b80000,0x00000000d5b80000,0x00000000d5d00000)
 ParOldGen       total 1054208K, used 1053782K [0x0000000080000000, 0x00000000c0580000, 0x00000000d5580000)
  object space 1054208K, 99% used [0x0000000080000000,0x00000000c0515a88,0x00000000c0580000)
 Metaspace       used 63196K, committed 64448K, reserved 1114112K
  class space    used 6739K, committed 7296K, reserved 1048576K
}
Event: 250.411 GC heap after
{Heap after GC invocations=2155 (full 3):
 PSYoungGen      total 6656K, used 480K [0x00000000d5580000, 0x00000000d5d80000, 0x0000000100000000)
  eden space 6144K, 0% used [0x00000000d5580000,0x00000000d5580000,0x00000000d5b80000)
  from space 512K, 93% used [0x00000000d5b80000,0x00000000d5bf8000,0x00000000d5c00000)
  to   space 1024K, 0% used [0x00000000d5c80000,0x00000000d5c80000,0x00000000d5d80000)
 ParOldGen       total 1054208K, used 1053878K [0x0000000080000000, 0x00000000c0580000, 0x00000000d5580000)
  object space 1054208K, 99% used [0x0000000080000000,0x00000000c052da88,0x00000000c0580000)
 Metaspace       used 63196K, committed 64448K, reserved 1114112K
  class space    used 6739K, committed 7296K, reserved 1048576K
}
Event: 250.421 GC heap before
{Heap before GC invocations=2156 (full 3):
 PSYoungGen      total 6656K, used 6609K [0x00000000d5580000, 0x00000000d5d80000, 0x0000000100000000)
  eden space 6144K, 99% used [0x00000000d5580000,0x00000000d5b7c5a0,0x00000000d5b80000)
  from space 512K, 93% used [0x00000000d5b80000,0x00000000d5bf8000,0x00000000d5c00000)
  to   space 1024K, 0% used [0x00000000d5c80000,0x00000000d5c80000,0x00000000d5d80000)
 ParOldGen       total 1054208K, used 1053878K [0x0000000080000000, 0x00000000c0580000, 0x00000000d5580000)
  object space 1054208K, 99% used [0x0000000080000000,0x00000000c052da88,0x00000000c0580000)
 Metaspace       used 63213K, committed 64576K, reserved 1114112K
  class space    used 6740K, committed 7360K, reserved 1048576K
}
Event: 250.424 GC heap after
{Heap after GC invocations=2156 (full 3):
 PSYoungGen      total 7168K, used 576K [0x00000000d5580000, 0x00000000d5d80000, 0x0000000100000000)
  eden space 6144K, 0% used [0x00000000d5580000,0x00000000d5580000,0x00000000d5b80000)
  from space 1024K, 56% used [0x00000000d5c80000,0x00000000d5d10000,0x00000000d5d80000)
  to   space 1024K, 0% used [0x00000000d5b80000,0x00000000d5b80000,0x00000000d5c80000)
 ParOldGen       total 1054208K, used 1054098K [0x0000000080000000, 0x00000000c0580000, 0x00000000d5580000)
  object space 1054208K, 99% used [0x0000000080000000,0x00000000c0564a80,0x00000000c0580000)
 Metaspace       used 63213K, committed 64576K, reserved 1114112K
  class space    used 6740K, committed 7360K, reserved 1048576K
}
Event: 250.431 GC heap before
{Heap before GC invocations=2157 (full 3):
 PSYoungGen      total 7168K, used 6720K [0x00000000d5580000, 0x00000000d5d80000, 0x0000000100000000)
  eden space 6144K, 100% used [0x00000000d5580000,0x00000000d5b80000,0x00000000d5b80000)
  from space 1024K, 56% used [0x00000000d5c80000,0x00000000d5d10000,0x00000000d5d80000)
  to   space 1024K, 0% used [0x00000000d5b80000,0x00000000d5b80000,0x00000000d5c80000)
 ParOldGen       total 1054208K, used 1054098K [0x0000000080000000, 0x00000000c0580000, 0x00000000d5580000)
  object space 1054208K, 99% used [0x0000000080000000,0x00000000c0564a80,0x00000000c0580000)
 Metaspace       used 63213K, committed 64576K, reserved 1114112K
  class space    used 6740K, committed 7360K, reserved 1048576K
}
Event: 250.434 GC heap after
{Heap after GC invocations=2157 (full 3):
 PSYoungGen      total 7168K, used 288K [0x00000000d5580000, 0x00000000d5d00000, 0x0000000100000000)
  eden space 6144K, 0% used [0x00000000d5580000,0x00000000d5580000,0x00000000d5b80000)
  from space 1024K, 28% used [0x00000000d5b80000,0x00000000d5bc8000,0x00000000d5c80000)
  to   space 512K, 0% used [0x00000000d5c80000,0x00000000d5c80000,0x00000000d5d00000)
 ParOldGen       total 1054720K, used 1054530K [0x0000000080000000, 0x00000000c0600000, 0x00000000d5580000)
  object space 1054720K, 99% used [0x0000000080000000,0x00000000c05d0a90,0x00000000c0600000)
 Metaspace       used 63213K, committed 64576K, reserved 1114112K
  class space    used 6740K, committed 7360K, reserved 1048576K
}
Event: 250.441 GC heap before
{Heap before GC invocations=2158 (full 3):
 PSYoungGen      total 7168K, used 6432K [0x00000000d5580000, 0x00000000d5d00000, 0x0000000100000000)
  eden space 6144K, 100% used [0x00000000d5580000,0x00000000d5b80000,0x00000000d5b80000)
  from space 1024K, 28% used [0x00000000d5b80000,0x00000000d5bc8000,0x00000000d5c80000)
  to   space 512K, 0% used [0x00000000d5c80000,0x00000000d5c80000,0x00000000d5d00000)
 ParOldGen       total 1054720K, used 1054530K [0x0000000080000000, 0x00000000c0600000, 0x00000000d5580000)
  object space 1054720K, 99% used [0x0000000080000000,0x00000000c05d0a90,0x00000000c0600000)
 Metaspace       used 63219K, committed 64576K, reserved 1114112K
  class space    used 6740K, committed 7360K, reserved 1048576K
}
Event: 250.443 GC heap after
{Heap after GC invocations=2158 (full 3):
 PSYoungGen      total 6656K, used 320K [0x00000000d5580000, 0x00000000d5d00000, 0x0000000100000000)
  eden space 6144K, 0% used [0x00000000d5580000,0x00000000d5580000,0x00000000d5b80000)
  from space 512K, 62% used [0x00000000d5c80000,0x00000000d5cd0000,0x00000000d5d00000)
  to   space 512K, 0% used [0x00000000d5c00000,0x00000000d5c00000,0x00000000d5c80000)
 ParOldGen       total 1054720K, used 1054594K [0x0000000080000000, 0x00000000c0600000, 0x00000000d5580000)
  object space 1054720K, 99% used [0x0000000080000000,0x00000000c05e0a90,0x00000000c0600000)
 Metaspace       used 63219K, committed 64576K, reserved 1114112K
  class space    used 6740K, committed 7360K, reserved 1048576K
}
Event: 250.451 GC heap before
{Heap before GC invocations=2159 (full 3):
 PSYoungGen      total 6656K, used 6464K [0x00000000d5580000, 0x00000000d5d00000, 0x0000000100000000)
  eden space 6144K, 100% used [0x00000000d5580000,0x00000000d5b80000,0x00000000d5b80000)
  from space 512K, 62% used [0x00000000d5c80000,0x00000000d5cd0000,0x00000000d5d00000)
  to   space 512K, 0% used [0x00000000d5c00000,0x00000000d5c00000,0x00000000d5c80000)
 ParOldGen       total 1054720K, used 1054594K [0x0000000080000000, 0x00000000c0600000, 0x00000000d5580000)
  object space 1054720K, 99% used [0x0000000080000000,0x00000000c05e0a90,0x00000000c0600000)
 Metaspace       used 63220K, committed 64576K, reserved 1114112K
  class space    used 6740K, committed 7360K, reserved 1048576K
}
Event: 250.454 GC heap after
{Heap after GC invocations=2159 (full 3):
 PSYoungGen      total 6656K, used 256K [0x00000000d5580000, 0x00000000d5d00000, 0x0000000100000000)
  eden space 6144K, 0% used [0x00000000d5580000,0x00000000d5580000,0x00000000d5b80000)
  from space 512K, 50% used [0x00000000d5c00000,0x00000000d5c40000,0x00000000d5c80000)
  to   space 512K, 0% used [0x00000000d5c80000,0x00000000d5c80000,0x00000000d5d00000)
 ParOldGen       total 1054720K, used 1054714K [0x0000000080000000, 0x00000000c0600000, 0x00000000d5580000)
  object space 1054720K, 99% used [0x0000000080000000,0x00000000c05fea90,0x00000000c0600000)
 Metaspace       used 63220K, committed 64576K, reserved 1114112K
  class space    used 6740K, committed 7360K, reserved 1048576K
}
Event: 250.464 GC heap before
{Heap before GC invocations=2160 (full 3):
 PSYoungGen      total 6656K, used 6400K [0x00000000d5580000, 0x00000000d5d00000, 0x0000000100000000)
  eden space 6144K, 100% used [0x00000000d5580000,0x00000000d5b80000,0x00000000d5b80000)
  from space 512K, 50% used [0x00000000d5c00000,0x00000000d5c40000,0x00000000d5c80000)
  to   space 512K, 0% used [0x00000000d5c80000,0x00000000d5c80000,0x00000000d5d00000)
 ParOldGen       total 1054720K, used 1054714K [0x0000000080000000, 0x00000000c0600000, 0x00000000d5580000)
  object space 1054720K, 99% used [0x0000000080000000,0x00000000c05fea90,0x00000000c0600000)
 Metaspace       used 63220K, committed 64576K, reserved 1114112K
  class space    used 6740K, committed 7360K, reserved 1048576K
}
Event: 250.466 GC heap after
{Heap after GC invocations=2160 (full 3):
 PSYoungGen      total 6656K, used 320K [0x00000000d5580000, 0x00000000d5d00000, 0x0000000100000000)
  eden space 6144K, 0% used [0x00000000d5580000,0x00000000d5580000,0x00000000d5b80000)
  from space 512K, 62% used [0x00000000d5c80000,0x00000000d5cd0000,0x00000000d5d00000)
  to   space 512K, 0% used [0x00000000d5c00000,0x00000000d5c00000,0x00000000d5c80000)
 ParOldGen       total 1055232K, used 1054794K [0x0000000080000000, 0x00000000c0680000, 0x00000000d5580000)
  object space 1055232K, 99% used [0x0000000080000000,0x00000000c0612a90,0x00000000c0680000)
 Metaspace       used 63220K, committed 64576K, reserved 1114112K
  class space    used 6740K, committed 7360K, reserved 1048576K
}
Event: 250.473 GC heap before
{Heap before GC invocations=2161 (full 3):
 PSYoungGen      total 6656K, used 6464K [0x00000000d5580000, 0x00000000d5d00000, 0x0000000100000000)
  eden space 6144K, 100% used [0x00000000d5580000,0x00000000d5b80000,0x00000000d5b80000)
  from space 512K, 62% used [0x00000000d5c80000,0x00000000d5cd0000,0x00000000d5d00000)
  to   space 512K, 0% used [0x00000000d5c00000,0x00000000d5c00000,0x00000000d5c80000)
 ParOldGen       total 1055232K, used 1054794K [0x0000000080000000, 0x00000000c0680000, 0x00000000d5580000)
  object space 1055232K, 99% used [0x0000000080000000,0x00000000c0612a90,0x00000000c0680000)
 Metaspace       used 63221K, committed 64576K, reserved 1114112K
  class space    used 6740K, committed 7360K, reserved 1048576K
}

Dll operation events (12 events):
Event: 0.172 Loaded shared library c:\Users\ADMIN\.antigravity\extensions\redhat.java-1.53.0-win32-x64\jre\21.0.10-win32-x86_64\bin\java.dll
Event: 0.722 Loaded shared library c:\Users\ADMIN\.antigravity\extensions\redhat.java-1.53.0-win32-x64\jre\21.0.10-win32-x86_64\bin\zip.dll
Event: 0.750 Loaded shared library C:\Users\ADMIN\.antigravity\extensions\redhat.java-1.53.0-win32-x64\jre\21.0.10-win32-x86_64\bin\instrument.dll
Event: 0.795 Loaded shared library C:\Users\ADMIN\.antigravity\extensions\redhat.java-1.53.0-win32-x64\jre\21.0.10-win32-x86_64\bin\net.dll
Event: 0.846 Loaded shared library C:\Users\ADMIN\.antigravity\extensions\redhat.java-1.53.0-win32-x64\jre\21.0.10-win32-x86_64\bin\nio.dll
Event: 0.851 Loaded shared library C:\Users\ADMIN\.antigravity\extensions\redhat.java-1.53.0-win32-x64\jre\21.0.10-win32-x86_64\bin\zip.dll
Event: 0.893 Loaded shared library C:\Users\ADMIN\.antigravity\extensions\redhat.java-1.53.0-win32-x64\jre\21.0.10-win32-x86_64\bin\jimage.dll
Event: 1.011 Loaded shared library c:\Users\ADMIN\.antigravity\extensions\redhat.java-1.53.0-win32-x64\jre\21.0.10-win32-x86_64\bin\verify.dll
Event: 26.762 Loaded shared library C:\Users\ADMIN\AppData\Roaming\Antigravity\User\globalStorage\redhat.java\1.53.0\config_win\org.eclipse.equinox.launcher\org.eclipse.equinox.launcher.win32.win32.x86_64_1.3.0.v20260203-2149\eclipse_11919.dll
Event: 46.200 Loaded shared library C:\Users\ADMIN\AppData\Local\Temp\jna-62130991\jna3872094446577507828.dll
Event: 50.951 Loaded shared library C:\Users\ADMIN\.antigravity\extensions\redhat.java-1.53.0-win32-x64\jre\21.0.10-win32-x86_64\bin\sunmscapi.dll
Event: 52.126 Loaded shared library C:\Users\ADMIN\.antigravity\extensions\redhat.java-1.53.0-win32-x64\jre\21.0.10-win32-x86_64\bin\extnet.dll

Deoptimization events (20 events):
Event: 250.293 Thread 0x0000022dee26c3f0 Uncommon trap: trap_request=0xffffff45 fr.pc=0x0000022ddbac12c8 relative=0x00000000000000a8
Event: 250.293 Thread 0x0000022dee26c3f0 Uncommon trap: reason=unstable_if action=reinterpret pc=0x0000022ddbac12c8 method=org.eclipse.jdt.internal.compiler.parser.Scanner.setSource([C)V @ 1 c2
Event: 250.293 Thread 0x0000022dee26c3f0 DEOPT PACKING pc=0x0000022ddbac12c8 sp=0x000000c4ca3fe6c0
Event: 250.293 Thread 0x0000022dee26c3f0 DEOPT UNPACKING pc=0x0000022ddb116da2 sp=0x000000c4ca3fe658 mode 2
Event: 250.296 Thread 0x0000022dee26c3f0 Uncommon trap: trap_request=0xffffff45 fr.pc=0x0000022ddb6aeb60 relative=0x0000000000000340
Event: 250.296 Thread 0x0000022dee26c3f0 Uncommon trap: reason=unstable_if action=reinterpret pc=0x0000022ddb6aeb60 method=java.lang.String.decodeASCII([BI[CII)I @ 13 c2
Event: 250.296 Thread 0x0000022dee26c3f0 DEOPT PACKING pc=0x0000022ddb6aeb60 sp=0x000000c4ca3fe430
Event: 250.296 Thread 0x0000022dee26c3f0 DEOPT UNPACKING pc=0x0000022ddb116da2 sp=0x000000c4ca3fe360 mode 2
Event: 250.302 Thread 0x0000022dee26c3f0 Uncommon trap: trap_request=0xffffff45 fr.pc=0x0000022ddb7a1730 relative=0x0000000000000310
Event: 250.302 Thread 0x0000022dee26c3f0 Uncommon trap: reason=unstable_if action=reinterpret pc=0x0000022ddb7a1730 method=java.lang.String.decodeASCII([BI[CII)I @ 13 c2
Event: 250.302 Thread 0x0000022dee26c3f0 DEOPT PACKING pc=0x0000022ddb7a1730 sp=0x000000c4ca3fe3b0
Event: 250.302 Thread 0x0000022dee26c3f0 DEOPT UNPACKING pc=0x0000022ddb116da2 sp=0x000000c4ca3fe360 mode 2
Event: 250.395 Thread 0x0000022dee26c3f0 Uncommon trap: trap_request=0xffffff45 fr.pc=0x0000022ddbcd79f8 relative=0x0000000000000598
Event: 250.395 Thread 0x0000022dee26c3f0 Uncommon trap: reason=unstable_if action=reinterpret pc=0x0000022ddbcd79f8 method=org.eclipse.jdt.internal.core.search.matching.TypeDeclarationPattern.createIndexKey(I[C[C[[CZ)[C @ 85 c2
Event: 250.395 Thread 0x0000022dee26c3f0 DEOPT PACKING pc=0x0000022ddbcd79f8 sp=0x000000c4ca3fed80
Event: 250.395 Thread 0x0000022dee26c3f0 DEOPT UNPACKING pc=0x0000022ddb116da2 sp=0x000000c4ca3fed20 mode 2
Event: 250.404 Thread 0x0000022dee26c3f0 Uncommon trap: trap_request=0xffffff45 fr.pc=0x0000022ddb847550 relative=0x00000000000000b0
Event: 250.404 Thread 0x0000022dee26c3f0 Uncommon trap: reason=unstable_if action=reinterpret pc=0x0000022ddb847550 method=org.eclipse.jdt.internal.compiler.parser.Scanner.getNextChar()I @ 23 c2
Event: 250.404 Thread 0x0000022dee26c3f0 DEOPT PACKING pc=0x0000022ddb847550 sp=0x000000c4ca3fe990
Event: 250.404 Thread 0x0000022dee26c3f0 DEOPT UNPACKING pc=0x0000022ddb116da2 sp=0x000000c4ca3fe920 mode 2

Classes loaded (20 events):
Event: 246.428 Loading class java/util/concurrent/ForkJoinTask$AdaptedCallable
Event: 246.429 Loading class java/util/concurrent/ForkJoinTask$AdaptedCallable done
Event: 247.823 Loading class java/util/stream/ReduceOps$4
Event: 247.823 Loading class java/util/stream/ReduceOps$4 done
Event: 247.823 Loading class java/util/stream/ReduceOps$4ReducingSink
Event: 247.823 Loading class java/util/stream/ReduceOps$4ReducingSink done
Event: 247.827 Loading class java/nio/file/Files$2
Event: 247.827 Loading class java/nio/file/Files$2 done
Event: 248.587 Loading class java/util/stream/ReferencePipeline$4
Event: 248.590 Loading class java/util/stream/ReferencePipeline$4 done
Event: 248.592 Loading class java/util/stream/Nodes$IntFixedNodeBuilder
Event: 248.594 Loading class java/util/stream/Node$Builder$OfInt
Event: 248.596 Loading class java/util/stream/Node$Builder$OfInt done
Event: 248.596 Loading class java/util/stream/Nodes$IntArrayNode
Event: 248.597 Loading class java/util/stream/Nodes$IntArrayNode done
Event: 248.597 Loading class java/util/stream/Nodes$IntFixedNodeBuilder done
Event: 248.597 Loading class java/util/stream/ReferencePipeline$4$1
Event: 248.597 Loading class java/util/stream/ReferencePipeline$4$1 done
Event: 249.768 Loading class java/util/ArrayDeque$DeqSpliterator
Event: 249.768 Loading class java/util/ArrayDeque$DeqSpliterator done

Classes unloaded (7 events):
Event: 48.119 Thread 0x0000022dd0a33a80 Unloading class 0x0000022d811a9400 'java/lang/invoke/LambdaForm$MH+0x0000022d811a9400'
Event: 48.119 Thread 0x0000022dd0a33a80 Unloading class 0x0000022d811a9000 'java/lang/invoke/LambdaForm$MH+0x0000022d811a9000'
Event: 48.119 Thread 0x0000022dd0a33a80 Unloading class 0x0000022d811a8c00 'java/lang/invoke/LambdaForm$MH+0x0000022d811a8c00'
Event: 48.119 Thread 0x0000022dd0a33a80 Unloading class 0x0000022d811a8800 'java/lang/invoke/LambdaForm$MH+0x0000022d811a8800'
Event: 48.119 Thread 0x0000022dd0a33a80 Unloading class 0x0000022d811a8400 'java/lang/invoke/LambdaForm$BMH+0x0000022d811a8400'
Event: 48.119 Thread 0x0000022dd0a33a80 Unloading class 0x0000022d811a8000 'java/lang/invoke/LambdaForm$DMH+0x0000022d811a8000'
Event: 48.119 Thread 0x0000022dd0a33a80 Unloading class 0x0000022d811a6c00 'java/lang/invoke/LambdaForm$DMH+0x0000022d811a6c00'

Classes redefined (0 events):
No events

Internal exceptions (20 events):
Event: 250.408 Thread 0x0000022dee26eb50 Exception <a 'sun/nio/fs/WindowsException'{0x00000000d5b62d30}> (0x00000000d5b62d30) 
thrown [s\src\hotspot\share\prims\jni.cpp, line 520]
Event: 250.408 Thread 0x0000022dee26eb50 Exception <a 'sun/nio/fs/WindowsException'{0x00000000d5b63610}> (0x00000000d5b63610) 
thrown [s\src\hotspot\share\prims\jni.cpp, line 520]
Event: 250.417 Thread 0x0000022dee26c3f0 Exception <a 'sun/nio/fs/WindowsException'{0x00000000d58afa40}> (0x00000000d58afa40) 
thrown [s\src\hotspot\share\prims\jni.cpp, line 520]
Event: 250.417 Thread 0x0000022dee26c3f0 Exception <a 'sun/nio/fs/WindowsException'{0x00000000d58b0320}> (0x00000000d58b0320) 
thrown [s\src\hotspot\share\prims\jni.cpp, line 520]
Event: 250.426 Thread 0x0000022dee26eb50 Exception <a 'sun/nio/fs/WindowsException'{0x00000000d5600000}> (0x00000000d5600000) 
thrown [s\src\hotspot\share\prims\jni.cpp, line 520]
Event: 250.426 Thread 0x0000022dee26eb50 Exception <a 'sun/nio/fs/WindowsException'{0x00000000d56008e0}> (0x00000000d56008e0) 
thrown [s\src\hotspot\share\prims\jni.cpp, line 520]
Event: 250.427 Thread 0x0000022dee26eb50 Exception <a 'sun/nio/fs/WindowsException'{0x00000000d56049e0}> (0x00000000d56049e0) 
thrown [s\src\hotspot\share\prims\jni.cpp, line 520]
Event: 250.427 Thread 0x0000022dee26eb50 Exception <a 'sun/nio/fs/WindowsException'{0x00000000d56052c0}> (0x00000000d56052c0) 
thrown [s\src\hotspot\share\prims\jni.cpp, line 520]
Event: 250.428 Thread 0x0000022dee26eb50 Exception <a 'sun/nio/fs/WindowsException'{0x00000000d5608f30}> (0x00000000d5608f30) 
thrown [s\src\hotspot\share\prims\jni.cpp, line 520]
Event: 250.428 Thread 0x0000022dee26eb50 Exception <a 'sun/nio/fs/WindowsException'{0x00000000d5609810}> (0x00000000d5609810) 
thrown [s\src\hotspot\share\prims\jni.cpp, line 520]
Event: 250.428 Thread 0x0000022dee26eb50 Exception <a 'sun/nio/fs/WindowsException'{0x00000000d560c3e0}> (0x00000000d560c3e0) 
thrown [s\src\hotspot\share\prims\jni.cpp, line 520]
Event: 250.428 Thread 0x0000022dee26eb50 Exception <a 'sun/nio/fs/WindowsException'{0x00000000d560ccc0}> (0x00000000d560ccc0) 
thrown [s\src\hotspot\share\prims\jni.cpp, line 520]
Event: 250.437 Thread 0x0000022dee26eb50 Exception <a 'sun/nio/fs/WindowsException'{0x00000000d567f268}> (0x00000000d567f268) 
thrown [s\src\hotspot\share\prims\jni.cpp, line 520]
Event: 250.437 Thread 0x0000022dee26eb50 Exception <a 'sun/nio/fs/WindowsException'{0x00000000d567fb48}> (0x00000000d567fb48) 
thrown [s\src\hotspot\share\prims\jni.cpp, line 520]
Event: 250.439 Thread 0x0000022dee26eb50 Exception <a 'sun/nio/fs/WindowsException'{0x00000000d592b368}> (0x00000000d592b368) 
thrown [s\src\hotspot\share\prims\jni.cpp, line 520]
Event: 250.439 Thread 0x0000022dee26eb50 Exception <a 'sun/nio/fs/WindowsException'{0x00000000d592bc48}> (0x00000000d592bc48) 
thrown [s\src\hotspot\share\prims\jni.cpp, line 520]
Event: 250.440 Thread 0x0000022dee26eb50 Exception <a 'sun/nio/fs/WindowsException'{0x00000000d5a15f08}> (0x00000000d5a15f08) 
thrown [s\src\hotspot\share\prims\jni.cpp, line 520]
Event: 250.440 Thread 0x0000022dee26eb50 Exception <a 'sun/nio/fs/WindowsException'{0x00000000d5a167e8}> (0x00000000d5a167e8) 
thrown [s\src\hotspot\share\prims\jni.cpp, line 520]
Event: 250.449 Thread 0x0000022dee26eb50 Exception <a 'sun/nio/fs/WindowsException'{0x00000000d5936208}> (0x00000000d5936208) 
thrown [s\src\hotspot\share\prims\jni.cpp, line 520]
Event: 250.449 Thread 0x0000022dee26eb50 Exception <a 'sun/nio/fs/WindowsException'{0x00000000d5936ae8}> (0x00000000d5936ae8) 
thrown [s\src\hotspot\share\prims\jni.cpp, line 520]

ZGC Phase Switch (0 events):
No events

VM Operations (20 events):
Event: 250.264 Executing safepoint VM operation: ParallelGCFailedAllocation (Allocation Failure) done
Event: 250.304 Executing safepoint VM operation: ParallelGCFailedAllocation (Allocation Failure)
Event: 250.307 Executing safepoint VM operation: ParallelGCFailedAllocation (Allocation Failure) done
Event: 250.330 Executing safepoint VM operation: ParallelGCFailedAllocation (Allocation Failure)
Event: 250.333 Executing safepoint VM operation: ParallelGCFailedAllocation (Allocation Failure) done
Event: 250.361 Executing safepoint VM operation: ParallelGCFailedAllocation (Allocation Failure)
Event: 250.365 Executing safepoint VM operation: ParallelGCFailedAllocation (Allocation Failure) done
Event: 250.408 Executing safepoint VM operation: ParallelGCFailedAllocation (Allocation Failure)
Event: 250.411 Executing safepoint VM operation: ParallelGCFailedAllocation (Allocation Failure) done
Event: 250.421 Executing safepoint VM operation: ParallelGCFailedAllocation (Allocation Failure)
Event: 250.424 Executing safepoint VM operation: ParallelGCFailedAllocation (Allocation Failure) done
Event: 250.431 Executing safepoint VM operation: ParallelGCFailedAllocation (Allocation Failure)
Event: 250.434 Executing safepoint VM operation: ParallelGCFailedAllocation (Allocation Failure) done
Event: 250.441 Executing safepoint VM operation: ParallelGCFailedAllocation (Allocation Failure)
Event: 250.443 Executing safepoint VM operation: ParallelGCFailedAllocation (Allocation Failure) done
Event: 250.451 Executing safepoint VM operation: ParallelGCFailedAllocation (Allocation Failure)
Event: 250.454 Executing safepoint VM operation: ParallelGCFailedAllocation (Allocation Failure) done
Event: 250.464 Executing safepoint VM operation: ParallelGCFailedAllocation (Allocation Failure)
Event: 250.466 Executing safepoint VM operation: ParallelGCFailedAllocation (Allocation Failure) done
Event: 250.473 Executing safepoint VM operation: ParallelGCFailedAllocation (Allocation Failure)

Memory protections (0 events):
No events

Nmethod flushes (20 events):
Event: 96.754 Thread 0x0000022dd0a33a80 flushing  nmethod 0x0000022dd44e3590
Event: 96.754 Thread 0x0000022dd0a33a80 flushing  nmethod 0x0000022dd44e4890
Event: 96.754 Thread 0x0000022dd0a33a80 flushing  nmethod 0x0000022dd44e5690
Event: 96.754 Thread 0x0000022dd0a33a80 flushing  nmethod 0x0000022dd44e9410
Event: 96.754 Thread 0x0000022dd0a33a80 flushing  nmethod 0x0000022dd44fb590
Event: 96.754 Thread 0x0000022dd0a33a80 flushing  nmethod 0x0000022dd44fba10
Event: 96.754 Thread 0x0000022dd0a33a80 flushing  nmethod 0x0000022dd44fc290
Event: 96.754 Thread 0x0000022dd0a33a80 flushing  nmethod 0x0000022dd44fd490
Event: 96.754 Thread 0x0000022dd0a33a80 flushing  nmethod 0x0000022dd44fda10
Event: 96.754 Thread 0x0000022dd0a33a80 flushing  nmethod 0x0000022dd44fe790
Event: 96.754 Thread 0x0000022dd0a33a80 flushing  nmethod 0x0000022dd44fed10
Event: 96.754 Thread 0x0000022dd0a33a80 flushing  nmethod 0x0000022dd44ff290
Event: 96.754 Thread 0x0000022dd0a33a80 flushing  nmethod 0x0000022dd44ff610
Event: 96.754 Thread 0x0000022dd0a33a80 flushing  nmethod 0x0000022dd44ffe10
Event: 96.754 Thread 0x0000022dd0a33a80 flushing  nmethod 0x0000022dd4500310
Event: 96.754 Thread 0x0000022dd0a33a80 flushing  nmethod 0x0000022dd4505910
Event: 96.754 Thread 0x0000022dd0a33a80 flushing  nmethod 0x0000022dd4506110
Event: 96.754 Thread 0x0000022dd0a33a80 flushing  nmethod 0x0000022dd452f490
Event: 96.754 Thread 0x0000022dd0a33a80 flushing  nmethod 0x0000022dd4532e90
Event: 96.754 Thread 0x0000022dd0a33a80 flushing  nmethod 0x0000022dd4542b10

Events (20 events):
Event: 98.783 Thread 0x0000022de86d1cd0 Thread added: 0x0000022df0d62dd0
Event: 99.510 Thread 0x0000022df0d62dd0 Thread exited: 0x0000022df0d62dd0
Event: 99.510 Thread 0x0000022df0d61290 Thread exited: 0x0000022df0d61290
Event: 99.593 Thread 0x0000022de86b0820 Thread added: 0x0000022df0d5f750
Event: 101.211 Thread 0x0000022df0d5f750 Thread exited: 0x0000022df0d5f750
Event: 133.965 Thread 0x0000022de86b0820 Thread added: 0x0000022df0d61290
Event: 135.278 Thread 0x0000022df0d61290 Thread exited: 0x0000022df0d61290
Event: 232.760 Thread 0x0000022de86d1cd0 Thread added: 0x0000022df0d62dd0
Event: 234.786 Thread 0x0000022df0d62dd0 Thread exited: 0x0000022df0d62dd0
Event: 235.035 Thread 0x0000022de86b0820 Thread added: 0x0000022df0d604f0
Event: 235.538 Thread 0x0000022df0d604f0 Thread exited: 0x0000022df0d604f0
Event: 236.350 Thread 0x0000022de86d1cd0 Thread added: 0x0000022df0d61290
Event: 236.926 Thread 0x0000022df0d61290 Thread exited: 0x0000022df0d61290
Event: 237.146 Thread 0x0000022de86d1cd0 Thread added: 0x0000022df0d604f0
Event: 237.148 Thread 0x0000022df0d604f0 Thread added: 0x0000022df0d60bc0
Event: 237.887 Thread 0x0000022df0d60bc0 Thread exited: 0x0000022df0d60bc0
Event: 237.887 Thread 0x0000022df0d604f0 Thread exited: 0x0000022df0d604f0
Event: 246.836 Thread 0x0000022dee26c3f0 Thread added: 0x0000022df085d100
Event: 247.805 Thread 0x0000022de86d1cd0 Thread added: 0x0000022df0d62dd0
Event: 247.806 Thread 0x0000022de86d1cd0 Thread added: 0x0000022df0d604f0


Dynamic libraries:
0x00007ff7fa180000 - 0x00007ff7fa18e000 	c:\Users\ADMIN\.antigravity\extensions\redhat.java-1.53.0-win32-x64\jre\21.0.10-win32-x86_64\bin\java.exe
0x00007ffd9a400000 - 0x00007ffd9a667000 	C:\WINDOWS\SYSTEM32\ntdll.dll
0x00007ffd99710000 - 0x00007ffd997d9000 	C:\WINDOWS\System32\KERNEL32.DLL
0x00007ffd97130000 - 0x00007ffd97521000 	C:\WINDOWS\System32\KERNELBASE.dll
0x00007ffd98050000 - 0x00007ffd9819b000 	C:\WINDOWS\System32\ucrtbase.dll
0x00007ffd489b0000 - 0x00007ffd489ce000 	c:\Users\ADMIN\.antigravity\extensions\redhat.java-1.53.0-win32-x64\jre\21.0.10-win32-x86_64\bin\VCRUNTIME140.dll
0x00007ffd488c0000 - 0x00007ffd488d8000 	c:\Users\ADMIN\.antigravity\extensions\redhat.java-1.53.0-win32-x64\jre\21.0.10-win32-x86_64\bin\jli.dll
0x00007ffd981a0000 - 0x00007ffd98365000 	C:\WINDOWS\System32\USER32.dll
0x00007ffd97f60000 - 0x00007ffd97f87000 	C:\WINDOWS\System32\win32u.dll
0x00007ffd78710000 - 0x00007ffd789a3000 	C:\WINDOWS\WinSxS\amd64_microsoft.windows.common-controls_6595b64144ccf1df_6.0.26100.8037_none_3e092faae333b53b\COMCTL32.dll
0x00007ffd99860000 - 0x00007ffd9988b000 	C:\WINDOWS\System32\GDI32.dll
0x00007ffd998a0000 - 0x00007ffd99949000 	C:\WINDOWS\System32\msvcrt.dll
0x00007ffd97da0000 - 0x00007ffd97ecb000 	C:\WINDOWS\System32\gdi32full.dll
0x00007ffd96ce0000 - 0x00007ffd96d83000 	C:\WINDOWS\System32\msvcp_win.dll
0x00007ffd999d0000 - 0x00007ffd99a01000 	C:\WINDOWS\System32\IMM32.DLL
0x00007ffd88c80000 - 0x00007ffd88c8c000 	c:\Users\ADMIN\.antigravity\extensions\redhat.java-1.53.0-win32-x64\jre\21.0.10-win32-x86_64\bin\vcruntime140_1.dll
0x00007ffd328c0000 - 0x00007ffd3294d000 	c:\Users\ADMIN\.antigravity\extensions\redhat.java-1.53.0-win32-x64\jre\21.0.10-win32-x86_64\bin\msvcp140.dll
0x00007ffc8fe70000 - 0x00007ffc90c11000 	c:\Users\ADMIN\.antigravity\extensions\redhat.java-1.53.0-win32-x64\jre\21.0.10-win32-x86_64\bin\server\jvm.dll
0x00007ffd98e00000 - 0x00007ffd98ebb000 	C:\WINDOWS\System32\ADVAPI32.dll
0x00007ffd985e0000 - 0x00007ffd98687000 	C:\WINDOWS\System32\sechost.dll
0x00007ffd9a150000 - 0x00007ffd9a268000 	C:\WINDOWS\System32\RPCRT4.dll
0x00007ffd997e0000 - 0x00007ffd99854000 	C:\WINDOWS\System32\WS2_32.dll
0x00007ffd96b40000 - 0x00007ffd96b9e000 	C:\WINDOWS\SYSTEM32\POWRPROF.dll
0x00007ffd81fb0000 - 0x00007ffd81fe5000 	C:\WINDOWS\SYSTEM32\WINMM.dll
0x00007ffd8c4a0000 - 0x00007ffd8c4ab000 	C:\WINDOWS\SYSTEM32\VERSION.dll
0x00007ffd96b20000 - 0x00007ffd96b34000 	C:\WINDOWS\SYSTEM32\UMPDC.dll
0x00007ffd95a50000 - 0x00007ffd95a6b000 	C:\WINDOWS\SYSTEM32\kernel.appcore.dll
0x00007ffd87cc0000 - 0x00007ffd87cca000 	c:\Users\ADMIN\.antigravity\extensions\redhat.java-1.53.0-win32-x64\jre\21.0.10-win32-x86_64\bin\jimage.dll
0x00007ffd94920000 - 0x00007ffd94b62000 	C:\WINDOWS\SYSTEM32\DBGHELP.DLL
0x00007ffd99380000 - 0x00007ffd99702000 	C:\WINDOWS\System32\combase.dll
0x00007ffd98f10000 - 0x00007ffd98fe7000 	C:\WINDOWS\System32\OLEAUT32.dll
0x00007ffd761d0000 - 0x00007ffd7620b000 	C:\WINDOWS\SYSTEM32\dbgcore.DLL
0x00007ffd97080000 - 0x00007ffd97125000 	C:\WINDOWS\System32\bcryptPrimitives.dll
0x00007ffd50940000 - 0x00007ffd5094f000 	c:\Users\ADMIN\.antigravity\extensions\redhat.java-1.53.0-win32-x64\jre\21.0.10-win32-x86_64\bin\instrument.dll
0x00007ffd488a0000 - 0x00007ffd488c0000 	c:\Users\ADMIN\.antigravity\extensions\redhat.java-1.53.0-win32-x64\jre\21.0.10-win32-x86_64\bin\java.dll
0x00007ffd98690000 - 0x00007ffd98def000 	C:\WINDOWS\System32\SHELL32.dll
0x00007ffd96f10000 - 0x00007ffd9707a000 	C:\WINDOWS\System32\wintypes.dll
0x00007ffd97530000 - 0x00007ffd97d94000 	C:\WINDOWS\System32\windows.storage.dll
0x00007ffd9a050000 - 0x00007ffd9a147000 	C:\WINDOWS\System32\SHCORE.dll
0x00007ffd99960000 - 0x00007ffd999c7000 	C:\WINDOWS\System32\shlwapi.dll
0x00007ffd96c00000 - 0x00007ffd96c29000 	C:\WINDOWS\SYSTEM32\profapi.dll
0x00007ffd486f0000 - 0x00007ffd48708000 	c:\Users\ADMIN\.antigravity\extensions\redhat.java-1.53.0-win32-x64\jre\21.0.10-win32-x86_64\bin\zip.dll
0x00007ffd50820000 - 0x00007ffd50830000 	C:\Users\ADMIN\.antigravity\extensions\redhat.java-1.53.0-win32-x64\jre\21.0.10-win32-x86_64\bin\net.dll
0x00007ffd86750000 - 0x00007ffd86877000 	C:\WINDOWS\SYSTEM32\WINHTTP.dll
0x00007ffd95fe0000 - 0x00007ffd9604b000 	C:\WINDOWS\system32\mswsock.dll
0x00007ffd486d0000 - 0x00007ffd486e6000 	C:\Users\ADMIN\.antigravity\extensions\redhat.java-1.53.0-win32-x64\jre\21.0.10-win32-x86_64\bin\nio.dll
0x00007ffd48890000 - 0x00007ffd488a0000 	c:\Users\ADMIN\.antigravity\extensions\redhat.java-1.53.0-win32-x64\jre\21.0.10-win32-x86_64\bin\verify.dll
0x00007ffd48410000 - 0x00007ffd48455000 	C:\Users\ADMIN\AppData\Roaming\Antigravity\User\globalStorage\redhat.java\1.53.0\config_win\org.eclipse.equinox.launcher\org.eclipse.equinox.launcher.win32.win32.x86_64_1.3.0.v20260203-2149\eclipse_11919.dll
0x00007ffd99a20000 - 0x00007ffd99bb5000 	C:\WINDOWS\System32\ole32.dll
0x00007ffd962c0000 - 0x00007ffd962db000 	C:\WINDOWS\SYSTEM32\CRYPTSP.dll
0x00007ffd959b0000 - 0x00007ffd959e9000 	C:\WINDOWS\system32\rsaenh.dll
0x00007ffd96090000 - 0x00007ffd960c2000 	C:\WINDOWS\SYSTEM32\USERENV.dll
0x00007ffd96bd0000 - 0x00007ffd96bfa000 	C:\WINDOWS\SYSTEM32\bcrypt.dll
0x00007ffd962e0000 - 0x00007ffd962ec000 	C:\WINDOWS\SYSTEM32\CRYPTBASE.dll
0x00007ffd95430000 - 0x00007ffd95463000 	C:\WINDOWS\SYSTEM32\IPHLPAPI.DLL
0x00007ffd99890000 - 0x00007ffd9989a000 	C:\WINDOWS\System32\NSI.dll
0x00007ffd37650000 - 0x00007ffd37699000 	C:\Users\ADMIN\AppData\Local\Temp\jna-62130991\jna3872094446577507828.dll
0x00007ffd99a10000 - 0x00007ffd99a18000 	C:\WINDOWS\System32\PSAPI.DLL
0x00007ffd89ef0000 - 0x00007ffd89f0d000 	C:\WINDOWS\SYSTEM32\dhcpcsvc6.DLL
0x00007ffd89ec0000 - 0x00007ffd89ee3000 	C:\WINDOWS\SYSTEM32\dhcpcsvc.DLL
0x00007ffd48520000 - 0x00007ffd4852e000 	C:\Users\ADMIN\.antigravity\extensions\redhat.java-1.53.0-win32-x64\jre\21.0.10-win32-x86_64\bin\sunmscapi.dll
0x00007ffd96d90000 - 0x00007ffd96f07000 	C:\WINDOWS\System32\CRYPT32.dll
0x00007ffd964e0000 - 0x00007ffd96510000 	C:\WINDOWS\SYSTEM32\ncrypt.dll
0x00007ffd96490000 - 0x00007ffd964cf000 	C:\WINDOWS\SYSTEM32\NTASN1.dll
0x00007ffd954c0000 - 0x00007ffd955ea000 	C:\WINDOWS\SYSTEM32\DNSAPI.dll
0x00007ffd85b90000 - 0x00007ffd85b9b000 	C:\Windows\System32\rasadhlp.dll
0x00007ffd85ef0000 - 0x00007ffd85f76000 	C:\WINDOWS\System32\fwpuclnt.dll
0x00007ffd484c0000 - 0x00007ffd484c9000 	C:\Users\ADMIN\.antigravity\extensions\redhat.java-1.53.0-win32-x64\jre\21.0.10-win32-x86_64\bin\extnet.dll

JVMTI agents:
c:\Users\ADMIN\.antigravity\extensions\redhat.java-1.53.0-win32-x64\lombok\lombok-1.18.39-4050.jar path:c:\Users\ADMIN\.antigravity\extensions\redhat.java-1.53.0-win32-x64\jre\21.0.10-win32-x86_64\bin\instrument.dll, loaded, initialized, instrumentlib options:none

dbghelp: loaded successfully - version: 4.0.5 - missing functions: none
symbol engine: initialized successfully - sym options: 0x614 - pdb path: .;c:\Users\ADMIN\.antigravity\extensions\redhat.java-1.53.0-win32-x64\jre\21.0.10-win32-x86_64\bin;C:\WINDOWS\SYSTEM32;C:\WINDOWS\WinSxS\amd64_microsoft.windows.common-controls_6595b64144ccf1df_6.0.26100.8037_none_3e092faae333b53b;c:\Users\ADMIN\.antigravity\extensions\redhat.java-1.53.0-win32-x64\jre\21.0.10-win32-x86_64\bin\server;C:\Users\ADMIN\AppData\Roaming\Antigravity\User\globalStorage\redhat.java\1.53.0\config_win\org.eclipse.equinox.launcher\org.eclipse.equinox.launcher.win32.win32.x86_64_1.3.0.v20260203-2149;C:\Users\ADMIN\AppData\Local\Temp\jna-62130991

VM Arguments:
jvm_args: --add-modules=ALL-SYSTEM --add-opens=java.base/java.util=ALL-UNNAMED --add-opens=java.base/java.lang=ALL-UNNAMED --add-opens=java.base/sun.nio.fs=ALL-UNNAMED -Declipse.application=org.eclipse.jdt.ls.core.id1 -Dosgi.bundles.defaultStartLevel=4 -Declipse.product=org.eclipse.jdt.ls.core.product -Djava.import.generatesMetadataFilesAtProjectRoot=false -DDetectVMInstallationsJob.disabled=true -Dfile.encoding=utf8 -XX:+UseParallelGC -XX:GCTimeRatio=4 -XX:AdaptiveSizePolicyWeight=90 -Dsun.zip.disableMemoryMapping=true -Xmx2G -Xms100m -Xlog:disable -javaagent:c:\Users\ADMIN\.antigravity\extensions\redhat.java-1.53.0-win32-x64\lombok\lombok-1.18.39-4050.jar -XX:+HeapDumpOnOutOfMemoryError -XX:HeapDumpPath=c:\Users\ADMIN\AppData\Roaming\Antigravity\User\workspaceStorage\7b5cf598d06b95d2550fd4599cb431eb\redhat.java -Daether.dependencyCollector.impl=bf 
java_command: c:\Users\ADMIN\.antigravity\extensions\redhat.java-1.53.0-win32-x64\server\plugins\org.eclipse.equinox.launcher_1.7.100.v20251111-0406.jar -configuration c:\Users\ADMIN\AppData\Roaming\Antigravity\User\globalStorage\redhat.java\1.53.0\config_win -data c:\Users\ADMIN\AppData\Roaming\Antigravity\User\workspaceStorage\7b5cf598d06b95d2550fd4599cb431eb\redhat.java\jdt_ws --pipe=\\.\pipe\lsp-8301e01d2678ddd69ab518685e277e0a-sock
java_class_path (initial): c:\Users\ADMIN\.antigravity\extensions\redhat.java-1.53.0-win32-x64\server\plugins\org.eclipse.equinox.launcher_1.7.100.v20251111-0406.jar
Launcher Type: SUN_STANDARD

[Global flags]
    uintx AdaptiveSizePolicyWeight                 = 90                                        {product} {command line}
     intx CICompilerCount                          = 4                                         {product} {ergonomic}
    uintx GCTimeRatio                              = 4                                         {product} {command line}
     bool HeapDumpOnOutOfMemoryError               = true                                   {manageable} {command line}
    ccstr HeapDumpPath                             = c:\Users\ADMIN\AppData\Roaming\Antigravity\User\workspaceStorage\7b5cf598d06b95d2550fd4599cb431eb\redhat.java         {manageable} {command line}
   size_t InitialHeapSize                          = 104857600                                 {product} {command line}
   size_t MaxHeapSize                              = 2147483648                                {product} {command line}
   size_t MaxNewSize                               = 715653120                                 {product} {ergonomic}
   size_t MinHeapDeltaBytes                        = 524288                                    {product} {ergonomic}
   size_t MinHeapSize                              = 104857600                                 {product} {command line}
   size_t NewSize                                  = 34603008                                  {product} {ergonomic}
    uintx NonNMethodCodeHeapSize                   = 5839372                                {pd product} {ergonomic}
    uintx NonProfiledCodeHeapSize                  = 122909434                              {pd product} {ergonomic}
   size_t OldSize                                  = 70254592                                  {product} {ergonomic}
    uintx ProfiledCodeHeapSize                     = 122909434                              {pd product} {ergonomic}
    uintx ReservedCodeCacheSize                    = 251658240                              {pd product} {ergonomic}
     bool SegmentedCodeCache                       = true                                      {product} {ergonomic}
   size_t SoftMaxHeapSize                          = 2147483648                             {manageable} {ergonomic}
     bool UseCompressedOops                        = true                           {product lp64_product} {ergonomic}
     bool UseLargePagesIndividualAllocation        = false                                  {pd product} {ergonomic}
     bool UseParallelGC                            = true                                      {product} {command line}

Logging:
Log output configuration:
 #0: stdout all=off uptime,level,tags foldmultilines=false
 #1: stderr all=off uptime,level,tags foldmultilines=false

Release file:
JAVA_VERSION="21.0.10" 
MODULES="java.base java.compiler java.datatransfer java.xml java.prefs java.desktop java.instrument java.logging java.management java.security.sasl java.naming java.rmi java.management.rmi java.net.http java.scripting java.security.jgss java.transaction.xa java.sql java.sql.rowset java.xml.crypto java.se java.smartcardio jdk.accessibility jdk.internal.jvmstat jdk.attach jdk.charsets jdk.internal.opt jdk.zipfs jdk.compiler jdk.crypto.ec jdk.crypto.cryptoki jdk.crypto.mscapi jdk.dynalink jdk.internal.ed jdk.editpad jdk.hotspot.agent jdk.httpserver jdk.internal.le jdk.internal.vm.ci jdk.internal.vm.compiler jdk.internal.vm.compiler.management jdk.jartool jdk.javadoc jdk.jcmd jdk.management jdk.management.agent jdk.jconsole jdk.jdeps jdk.jdwp.agent jdk.jdi jdk.jfr jdk.jshell jdk.jsobject jdk.jstatd jdk.localedata jdk.management.jfr jdk.naming.dns jdk.naming.rmi jdk.net jdk.nio.mapmode jdk.random jdk.sctp jdk.security.auth jdk.security.jgss jdk.unsupported jdk.unsupported.desktop jdk.xml.dom" 

Environment Variables:
JAVA_HOME=C:\Program Files\Java\jdk-17
PATH=C:\Users\ADMIN\AppData\Local\Programs\Python\Python313\Scripts\;C:\Users\ADMIN\AppData\Local\Programs\Python\Python313\;C:\Program Files\Java\jdk-17\bin;C:\Program Files\Microsoft MPI\Bin\;C:\Program Files\Common Files\Oracle\Java\javapath;C:\Program Files (x86)\Common Files\Oracle\Java\javapath;C:\ProgramData\Oracle\Java\javapath;C:\Windows\system32;C:\Windows;C:\Windows\System32\Wbem;C:\Windows\System32\WindowsPowerShell\v1.0\;C:\Windows\System32\OpenSSH\;C:\Program Files (x86)\NVIDIA Corporation\PhysX\Common;C:\Program Files\NVIDIA Corporation\NVIDIA NvDLISR;C:\Program Files\Java\jdk-17;C:\WINDOWS\system32;C:\WINDOWS;C:\WINDOWS\System32\Wbem;C:\WINDOWS\System32\WindowsPowerShell\v1.0\;C:\WINDOWS\System32\OpenSSH\;C:\Program Files (x86)\Microsoft SQL Server\160\Tools\Binn\;C:\Program Files\Microsoft SQL Server\160\Tools\Binn\;C:\Program Files\Microsoft SQL Server\Client SDK\ODBC\170\Tools\Binn\;C:\Program Files\Microsoft SQL Server\160\DTS\Binn\;C:\Program Files (x86)\Microsoft SQL Server\140\Tools\Binn\;C:\Program Files\Microsoft SQL Server\140\Tools\Binn\;C:\Program Files (x86)\Microsoft SQL Server\140\DTS\Binn\;C:\Program Files\Microsoft SQL Server\140\DTS\Binn\;C:\Program Files\Microsoft SQL Server\Client SDK\ODBC\130\Tools\Binn\;C:\Program Files (x86)\Microsoft SQL Server\Client SDK\ODBC\130\Tools\Binn\;C:\Program Files (x86)\Microsoft SQL Server\140\Tools\Binn\ManagementStudio\;C:\Program Files\nodejs\;C:\Program Files (x86)\ZeroTier\One\;C:\DATN\google-cloud-sdk\bin;C:\ProgramData\chocolatey\bin;C:\Program Files\Git\cmd;C:\Program Files\Go\bin;C:\Program Files\Cloudflare\Cloudflare WARP\;C:\Program Files\Docker\Docker\resources\bin;C:\Users\ADMIN\AppData\Local\Programs\Python\Launcher\;C:\Program Files\MySQL\MySQL Shell 8.0\bin\;C:\Users\ADMIN\AppData\Local\Microsoft\WindowsApps;C:\WEBSITE\apache-maven-3.9.9\bin;;C:\Program Files\JetBrains\IntelliJ IDEA 2024.2.2\bin;;C:\Users\ADMIN\AppData\Local\Programs\Microsoft VS Code\bin;C:\Users\ADMIN\AppData\Roaming\npm;C:\Users\ADMIN\AppData\Local\Programs\Antigravity\bin;C:\Users\ADMIN\AppData\Local\Programs\Kiro\bin;C:\Users\ADMIN\go\bin
USERNAME=ADMIN
OS=Windows_NT
PROCESSOR_IDENTIFIER=Intel64 Family 6 Model 141 Stepping 1, GenuineIntel
TMP=C:\Users\ADMIN\AppData\Local\Temp
TEMP=C:\Users\ADMIN\AppData\Local\Temp




Periodic native trim disabled

---------------  S Y S T E M  ---------------

OS:
 Windows 11 , 64 bit Build 26100 (10.0.26100.7920)
OS uptime: 0 days 17:17 hours
Hyper-V role detected

CPU: total 12 (initial active 12) (6 cores per cpu, 2 threads per core) family 6 model 141 stepping 1 microcode 0x3c, cx8, cmov, fxsr, ht, mmx, 3dnowpref, sse, sse2, sse3, ssse3, sse4.1, sse4.2, popcnt, lzcnt, tsc, tscinvbit, avx, avx2, aes, erms, clmul, bmi1, bmi2, adx, avx512f, avx512dq, avx512cd, avx512bw, avx512vl, sha, fma, vzeroupper, avx512_vpopcntdq, avx512_vpclmulqdq, avx512_vaes, avx512_vnni, clflush, clflushopt, clwb, avx512_vbmi2, avx512_vbmi, hv, rdtscp, rdpid, fsrm, gfni, avx512_bitalg, f16c, cet_ibt, cet_ss, avx512_ifma
Processor Information for the first 12 processors :
  Max Mhz: 2688, Current Mhz: 2688, Mhz Limit: 2688

Memory: 4k page, system-wide physical 7971M (760M free)
TotalPageFile size 19632M (AvailPageFile size 2M)
current process WorkingSet (physical memory assigned to process): 1255M, peak: 1264M
current process commit charge ("private bytes"): 1390M, peak: 1399M

vm_info: OpenJDK 64-Bit Server VM (21.0.10+7-LTS) for windows-amd64 JRE (21.0.10+7-LTS), built on 2026-01-20T00:00:00Z by "admin" with MS VC++ 17.12 (VS2022)

END.
